::1 - - [13/Nov/2015:08:58:23 +0000] "GET / HTTP/1.1" 500 1135 "-" "Mozilla/5.0 (Windows NT 10.0; WOW64) AppleWebKit/537.36 (KHTML, like Gecko) Chrome/46.0.2490.80 Safari/537.36"
::1 - - [13/Nov/2015:08:59:06 +0000] "GET / HTTP/1.1" 500 1135 "-" "Mozilla/5.0 (Windows NT 10.0; WOW64) AppleWebKit/537.36 (KHTML, like Gecko) Chrome/46.0.2490.80 Safari/537.36"
::1 - - [13/Nov/2015:08:59:07 +0000] "GET / HTTP/1.1" 500 1135 "-" "Mozilla/5.0 (Windows NT 10.0; WOW64) AppleWebKit/537.36 (KHTML, like Gecko) Chrome/46.0.2490.80 Safari/537.36"
::1 - - [13/Nov/2015:08:59:07 +0000] "GET / HTTP/1.1" 500 1135 "-" "Mozilla/5.0 (Windows NT 10.0; WOW64) AppleWebKit/537.36 (KHTML, like Gecko) Chrome/46.0.2490.80 Safari/537.36"
::1 - - [13/Nov/2015:08:59:39 +0000] "GET / HTTP/1.1" 500 1135 "-" "Mozilla/5.0 (Windows NT 10.0; WOW64) AppleWebKit/537.36 (KHTML, like Gecko) Chrome/46.0.2490.80 Safari/537.36"
::1 - - [13/Nov/2015:08:59:40 +0000] "GET / HTTP/1.1" 500 1135 "-" "Mozilla/5.0 (Windows NT 10.0; WOW64) AppleWebKit/537.36 (KHTML, like Gecko) Chrome/46.0.2490.80 Safari/537.36"
::1 - - [13/Nov/2015:08:59:40 +0000] "GET / HTTP/1.1" 500 1135 "-" "Mozilla/5.0 (Windows NT 10.0; WOW64) AppleWebKit/537.36 (KHTML, like Gecko) Chrome/46.0.2490.80 Safari/537.36"
::1 - - [13/Nov/2015:08:59:41 +0000] "GET / HTTP/1.1" 500 1135 "-" "Mozilla/5.0 (Windows NT 10.0; WOW64) AppleWebKit/537.36 (KHTML, like Gecko) Chrome/46.0.2490.80 Safari/537.36"
::1 - - [13/Nov/2015:08:59:41 +0000] "GET / HTTP/1.1" 500 1135 "-" "Mozilla/5.0 (Windows NT 10.0; WOW64) AppleWebKit/537.36 (KHTML, like Gecko) Chrome/46.0.2490.80 Safari/537.36"
::1 - - [13/Nov/2015:08:59:41 +0000] "GET / HTTP/1.1" 500 1135 "-" "Mozilla/5.0 (Windows NT 10.0; WOW64) AppleWebKit/537.36 (KHTML, like Gecko) Chrome/46.0.2490.80 Safari/537.36"
::1 - - [13/Nov/2015:09:00:01 +0000] "GET / HTTP/1.1" 500 1135 "-" "Mozilla/5.0 (Windows NT 10.0; WOW64) AppleWebKit/537.36 (KHTML, like Gecko) Chrome/46.0.2490.80 Safari/537.36"
::1 - - [13/Nov/2015:09:00:07 +0000] "GET / HTTP/1.1" 500 1135 "-" "Mozilla/5.0 (Windows NT 10.0; WOW64) AppleWebKit/537.36 (KHTML, like Gecko) Chrome/46.0.2490.80 Safari/537.36"
::1 - - [13/Nov/2015:09:01:43 +0000] "GET / HTTP/1.1" - - "-" "Mozilla/5.0 (Windows NT 10.0; WOW64) AppleWebKit/537.36 (KHTML, like Gecko) Chrome/46.0.2490.80 Safari/537.36"
::1 - - [13/Nov/2015:09:03:22 +0000] "GET / HTTP/1.1" 200 135 "-" "Mozilla/5.0 (Windows NT 10.0; WOW64) AppleWebKit/537.36 (KHTML, like Gecko) Chrome/46.0.2490.80 Safari/537.36"
::1 - - [13/Nov/2015:09:05:57 +0000] "GET / HTTP/1.1" 304 - "-" "Mozilla/5.0 (Windows NT 10.0; WOW64) AppleWebKit/537.36 (KHTML, like Gecko) Chrome/46.0.2490.80 Safari/537.36"
::1 - - [13/Nov/2015:09:05:58 +0000] "GET / HTTP/1.1" 304 - "-" "Mozilla/5.0 (Windows NT 10.0; WOW64) AppleWebKit/537.36 (KHTML, like Gecko) Chrome/46.0.2490.80 Safari/537.36"
::1 - - [13/Nov/2015:09:05:58 +0000] "GET / HTTP/1.1" 304 - "-" "Mozilla/5.0 (Windows NT 10.0; WOW64) AppleWebKit/537.36 (KHTML, like Gecko) Chrome/46.0.2490.80 Safari/537.36"
::1 - - [13/Nov/2015:09:05:59 +0000] "GET / HTTP/1.1" 304 - "-" "Mozilla/5.0 (Windows NT 10.0; WOW64) AppleWebKit/537.36 (KHTML, like Gecko) Chrome/46.0.2490.80 Safari/537.36"
::1 - - [13/Nov/2015:09:20:46 +0000] "GET / HTTP/1.1" 304 - "-" "Mozilla/5.0 (Windows NT 10.0; WOW64) AppleWebKit/537.36 (KHTML, like Gecko) Chrome/46.0.2490.80 Safari/537.36"
::1 - - [13/Nov/2015:09:21:07 +0000] "GET / HTTP/1.1" 304 - "-" "Mozilla/5.0 (Windows NT 10.0; WOW64) AppleWebKit/537.36 (KHTML, like Gecko) Chrome/46.0.2490.80 Safari/537.36"
::1 - - [13/Nov/2015:09:22:31 +0000] "GET / HTTP/1.1" 304 - "-" "Mozilla/5.0 (Windows NT 10.0; WOW64) AppleWebKit/537.36 (KHTML, like Gecko) Chrome/46.0.2490.80 Safari/537.36"
::1 - - [13/Nov/2015:09:22:33 +0000] "GET / HTTP/1.1" 304 - "-" "Mozilla/5.0 (Windows NT 10.0; WOW64) AppleWebKit/537.36 (KHTML, like Gecko) Chrome/46.0.2490.80 Safari/537.36"
::1 - - [13/Nov/2015:09:22:33 +0000] "GET / HTTP/1.1" 304 - "-" "Mozilla/5.0 (Windows NT 10.0; WOW64) AppleWebKit/537.36 (KHTML, like Gecko) Chrome/46.0.2490.80 Safari/537.36"
::1 - - [13/Nov/2015:09:22:33 +0000] "GET / HTTP/1.1" 304 - "-" "Mozilla/5.0 (Windows NT 10.0; WOW64) AppleWebKit/537.36 (KHTML, like Gecko) Chrome/46.0.2490.80 Safari/537.36"
::1 - - [13/Nov/2015:09:22:33 +0000] "GET / HTTP/1.1" 304 - "-" "Mozilla/5.0 (Windows NT 10.0; WOW64) AppleWebKit/537.36 (KHTML, like Gecko) Chrome/46.0.2490.80 Safari/537.36"
::1 - - [14/Nov/2015:04:43:37 +0000] "GET / HTTP/1.1" 200 135 "-" "Mozilla/5.0 (Windows NT 10.0; WOW64) AppleWebKit/537.36 (KHTML, like Gecko) Chrome/46.0.2490.80 Safari/537.36"
::1 - - [14/Nov/2015:04:43:37 +0000] "GET /favicon.ico HTTP/1.1" 404 917 "http://localhost:4444/" "Mozilla/5.0 (Windows NT 10.0; WOW64) AppleWebKit/537.36 (KHTML, like Gecko) Chrome/46.0.2490.80 Safari/537.36"
::1 - - [14/Nov/2015:05:05:50 +0000] "GET / HTTP/1.1" 304 - "-" "Mozilla/5.0 (Windows NT 10.0; WOW64) AppleWebKit/537.36 (KHTML, like Gecko) Chrome/46.0.2490.80 Safari/537.36"
::1 - - [14/Nov/2015:05:05:51 +0000] "GET / HTTP/1.1" 304 - "-" "Mozilla/5.0 (Windows NT 10.0; WOW64) AppleWebKit/537.36 (KHTML, like Gecko) Chrome/46.0.2490.80 Safari/537.36"
::1 - - [14/Nov/2015:05:06:24 +0000] "GET / HTTP/1.1" 200 127 "-" "Mozilla/5.0 (Windows NT 10.0; WOW64) AppleWebKit/537.36 (KHTML, like Gecko) Chrome/46.0.2490.80 Safari/537.36"
::1 - - [14/Nov/2015:05:10:19 +0000] "GET / HTTP/1.1" 200 267 "-" "Mozilla/5.0 (Windows NT 10.0; WOW64) AppleWebKit/537.36 (KHTML, like Gecko) Chrome/46.0.2490.80 Safari/537.36"
::1 - - [14/Nov/2015:05:14:53 +0000] "GET / HTTP/1.1" 200 342 "-" "Mozilla/5.0 (Windows NT 10.0; WOW64) AppleWebKit/537.36 (KHTML, like Gecko) Chrome/46.0.2490.80 Safari/537.36"
::1 - - [14/Nov/2015:05:14:56 +0000] "GET /angulars/angular.min.js.map HTTP/1.1" 404 1460 "-" "Mozilla/5.0 (Windows NT 10.0; WOW64) AppleWebKit/537.36 (KHTML, like Gecko) Chrome/46.0.2490.80 Safari/537.36"
::1 - - [14/Nov/2015:05:15:02 +0000] "GET / HTTP/1.1" 200 342 "-" "Mozilla/5.0 (Windows NT 10.0; WOW64) AppleWebKit/537.36 (KHTML, like Gecko) Chrome/46.0.2490.80 Safari/537.36"
::1 - - [14/Nov/2015:05:15:02 +0000] "GET /angulars/angular.min.js.map HTTP/1.1" 404 1460 "-" "Mozilla/5.0 (Windows NT 10.0; WOW64) AppleWebKit/537.36 (KHTML, like Gecko) Chrome/46.0.2490.80 Safari/537.36"
::1 - - [14/Nov/2015:05:15:41 +0000] "GET / HTTP/1.1" 200 342 "-" "Mozilla/5.0 (Windows NT 10.0; WOW64) AppleWebKit/537.36 (KHTML, like Gecko) Chrome/46.0.2490.80 Safari/537.36"
::1 - - [14/Nov/2015:05:15:41 +0000] "GET /angulars/angular.min.js.map HTTP/1.1" 404 1460 "-" "Mozilla/5.0 (Windows NT 10.0; WOW64) AppleWebKit/537.36 (KHTML, like Gecko) Chrome/46.0.2490.80 Safari/537.36"
::1 - - [14/Nov/2015:05:15:52 +0000] "GET / HTTP/1.1" 200 342 "-" "Mozilla/5.0 (Windows NT 10.0; WOW64) AppleWebKit/537.36 (KHTML, like Gecko) Chrome/46.0.2490.80 Safari/537.36"
::1 - - [14/Nov/2015:05:15:52 +0000] "GET /angulars/angular.min.js.map HTTP/1.1" 404 1460 "-" "Mozilla/5.0 (Windows NT 10.0; WOW64) AppleWebKit/537.36 (KHTML, like Gecko) Chrome/46.0.2490.80 Safari/537.36"
::1 - - [14/Nov/2015:05:18:43 +0000] "GET / HTTP/1.1" 200 532 "-" "Mozilla/5.0 (Windows NT 10.0; WOW64) AppleWebKit/537.36 (KHTML, like Gecko) Chrome/46.0.2490.80 Safari/537.36"
::1 - - [14/Nov/2015:05:18:43 +0000] "GET /angulars/angular.min.js.map HTTP/1.1" 404 1460 "-" "Mozilla/5.0 (Windows NT 10.0; WOW64) AppleWebKit/537.36 (KHTML, like Gecko) Chrome/46.0.2490.80 Safari/537.36"
::1 - - [14/Nov/2015:05:18:46 +0000] "GET / HTTP/1.1" 200 532 "-" "Mozilla/5.0 (Windows NT 10.0; WOW64) AppleWebKit/537.36 (KHTML, like Gecko) Chrome/46.0.2490.80 Safari/537.36"
::1 - - [14/Nov/2015:05:18:46 +0000] "GET /angulars/angular.min.js.map HTTP/1.1" 404 1460 "-" "Mozilla/5.0 (Windows NT 10.0; WOW64) AppleWebKit/537.36 (KHTML, like Gecko) Chrome/46.0.2490.80 Safari/537.36"
::1 - - [14/Nov/2015:05:22:32 +0000] "GET / HTTP/1.1" 200 638 "-" "Mozilla/5.0 (Windows NT 10.0; WOW64) AppleWebKit/537.36 (KHTML, like Gecko) Chrome/46.0.2490.80 Safari/537.36"
::1 - - [14/Nov/2015:05:22:32 +0000] "GET /angulars/angular.min.js.map HTTP/1.1" 404 1460 "-" "Mozilla/5.0 (Windows NT 10.0; WOW64) AppleWebKit/537.36 (KHTML, like Gecko) Chrome/46.0.2490.80 Safari/537.36"
::1 - - [14/Nov/2015:05:23:36 +0000] "GET / HTTP/1.1" 200 638 "-" "Mozilla/5.0 (Windows NT 10.0; WOW64) AppleWebKit/537.36 (KHTML, like Gecko) Chrome/46.0.2490.80 Safari/537.36"
::1 - - [14/Nov/2015:05:23:36 +0000] "GET /angulars/angular.min.js.map HTTP/1.1" 404 1460 "-" "Mozilla/5.0 (Windows NT 10.0; WOW64) AppleWebKit/537.36 (KHTML, like Gecko) Chrome/46.0.2490.80 Safari/537.36"
::1 - - [14/Nov/2015:05:23:37 +0000] "GET / HTTP/1.1" 200 638 "-" "Mozilla/5.0 (Windows NT 10.0; WOW64) AppleWebKit/537.36 (KHTML, like Gecko) Chrome/46.0.2490.80 Safari/537.36"
::1 - - [14/Nov/2015:05:23:37 +0000] "GET /angulars/angular.min.js.map HTTP/1.1" 404 1460 "-" "Mozilla/5.0 (Windows NT 10.0; WOW64) AppleWebKit/537.36 (KHTML, like Gecko) Chrome/46.0.2490.80 Safari/537.36"
::1 - - [14/Nov/2015:05:23:38 +0000] "GET / HTTP/1.1" 200 638 "-" "Mozilla/5.0 (Windows NT 10.0; WOW64) AppleWebKit/537.36 (KHTML, like Gecko) Chrome/46.0.2490.80 Safari/537.36"
::1 - - [14/Nov/2015:05:23:38 +0000] "GET /angulars/angular.min.js.map HTTP/1.1" 404 1460 "-" "Mozilla/5.0 (Windows NT 10.0; WOW64) AppleWebKit/537.36 (KHTML, like Gecko) Chrome/46.0.2490.80 Safari/537.36"
::1 - - [14/Nov/2015:05:25:00 +0000] "GET / HTTP/1.1" 200 638 "-" "Mozilla/5.0 (Windows NT 10.0; WOW64) AppleWebKit/537.36 (KHTML, like Gecko) Chrome/46.0.2490.80 Safari/537.36"
::1 - - [14/Nov/2015:05:25:00 +0000] "GET /angulars/angular.min.js.map HTTP/1.1" 404 1460 "-" "Mozilla/5.0 (Windows NT 10.0; WOW64) AppleWebKit/537.36 (KHTML, like Gecko) Chrome/46.0.2490.80 Safari/537.36"
::1 - - [14/Nov/2015:05:25:00 +0000] "GET / HTTP/1.1" 200 638 "-" "Mozilla/5.0 (Windows NT 10.0; WOW64) AppleWebKit/537.36 (KHTML, like Gecko) Chrome/46.0.2490.80 Safari/537.36"
::1 - - [14/Nov/2015:05:25:01 +0000] "GET /angulars/angular.min.js.map HTTP/1.1" 404 1460 "-" "Mozilla/5.0 (Windows NT 10.0; WOW64) AppleWebKit/537.36 (KHTML, like Gecko) Chrome/46.0.2490.80 Safari/537.36"
::1 - - [14/Nov/2015:05:25:01 +0000] "GET / HTTP/1.1" 200 638 "-" "Mozilla/5.0 (Windows NT 10.0; WOW64) AppleWebKit/537.36 (KHTML, like Gecko) Chrome/46.0.2490.80 Safari/537.36"
::1 - - [14/Nov/2015:05:25:01 +0000] "GET /angulars/angular.min.js.map HTTP/1.1" 404 1460 "-" "Mozilla/5.0 (Windows NT 10.0; WOW64) AppleWebKit/537.36 (KHTML, like Gecko) Chrome/46.0.2490.80 Safari/537.36"
::1 - - [14/Nov/2015:05:25:47 +0000] "GET / HTTP/1.1" 200 672 "-" "Mozilla/5.0 (Windows NT 10.0; WOW64) AppleWebKit/537.36 (KHTML, like Gecko) Chrome/46.0.2490.80 Safari/537.36"
::1 - - [14/Nov/2015:05:25:47 +0000] "GET /angulars/angular.min.js.map HTTP/1.1" 404 1460 "-" "Mozilla/5.0 (Windows NT 10.0; WOW64) AppleWebKit/537.36 (KHTML, like Gecko) Chrome/46.0.2490.80 Safari/537.36"
::1 - - [14/Nov/2015:05:26:33 +0000] "GET / HTTP/1.1" 200 709 "-" "Mozilla/5.0 (Windows NT 10.0; WOW64) AppleWebKit/537.36 (KHTML, like Gecko) Chrome/46.0.2490.80 Safari/537.36"
::1 - - [14/Nov/2015:05:27:02 +0000] "GET / HTTP/1.1" 200 674 "-" "Mozilla/5.0 (Windows NT 10.0; WOW64) AppleWebKit/537.36 (KHTML, like Gecko) Chrome/46.0.2490.80 Safari/537.36"
::1 - - [14/Nov/2015:05:32:07 +0000] "GET / HTTP/1.1" 304 - "-" "Mozilla/5.0 (Windows NT 10.0; WOW64) AppleWebKit/537.36 (KHTML, like Gecko) Chrome/46.0.2490.80 Safari/537.36"
::1 - - [14/Nov/2015:05:32:14 +0000] "GET /products HTTP/1.1" 404 1460 "-" "Mozilla/5.0 (Windows NT 10.0; WOW64) AppleWebKit/537.36 (KHTML, like Gecko) Chrome/46.0.2490.80 Safari/537.36"
::1 - - [14/Nov/2015:05:32:40 +0000] "GET /products HTTP/1.1" 404 1460 "-" "Mozilla/5.0 (Windows NT 10.0; WOW64) AppleWebKit/537.36 (KHTML, like Gecko) Chrome/46.0.2490.80 Safari/537.36"
::1 - - [14/Nov/2015:05:33:01 +0000] "GET / HTTP/1.1" 304 - "-" "Mozilla/5.0 (Windows NT 10.0; WOW64) AppleWebKit/537.36 (KHTML, like Gecko) Chrome/46.0.2490.80 Safari/537.36"
::1 - - [14/Nov/2015:05:33:05 +0000] "GET /products HTTP/1.1" 404 1460 "-" "Mozilla/5.0 (Windows NT 10.0; WOW64) AppleWebKit/537.36 (KHTML, like Gecko) Chrome/46.0.2490.80 Safari/537.36"
::1 - - [14/Nov/2015:05:33:06 +0000] "GET /products HTTP/1.1" 404 1460 "-" "Mozilla/5.0 (Windows NT 10.0; WOW64) AppleWebKit/537.36 (KHTML, like Gecko) Chrome/46.0.2490.80 Safari/537.36"
::1 - - [14/Nov/2015:05:33:16 +0000] "GET /products HTTP/1.1" 404 1460 "-" "Mozilla/5.0 (Windows NT 10.0; WOW64) AppleWebKit/537.36 (KHTML, like Gecko) Chrome/46.0.2490.80 Safari/537.36"
::1 - - [14/Nov/2015:05:33:16 +0000] "GET /products HTTP/1.1" 404 1460 "-" "Mozilla/5.0 (Windows NT 10.0; WOW64) AppleWebKit/537.36 (KHTML, like Gecko) Chrome/46.0.2490.80 Safari/537.36"
::1 - - [14/Nov/2015:05:33:17 +0000] "GET /products HTTP/1.1" 404 1460 "-" "Mozilla/5.0 (Windows NT 10.0; WOW64) AppleWebKit/537.36 (KHTML, like Gecko) Chrome/46.0.2490.80 Safari/537.36"
::1 - - [14/Nov/2015:05:33:17 +0000] "GET /products HTTP/1.1" 404 1460 "-" "Mozilla/5.0 (Windows NT 10.0; WOW64) AppleWebKit/537.36 (KHTML, like Gecko) Chrome/46.0.2490.80 Safari/537.36"
::1 - - [14/Nov/2015:05:33:17 +0000] "GET /products HTTP/1.1" 404 1460 "-" "Mozilla/5.0 (Windows NT 10.0; WOW64) AppleWebKit/537.36 (KHTML, like Gecko) Chrome/46.0.2490.80 Safari/537.36"
::1 - - [14/Nov/2015:05:33:17 +0000] "GET /products HTTP/1.1" 404 1460 "-" "Mozilla/5.0 (Windows NT 10.0; WOW64) AppleWebKit/537.36 (KHTML, like Gecko) Chrome/46.0.2490.80 Safari/537.36"
::1 - - [14/Nov/2015:05:33:46 +0000] "GET /products HTTP/1.1" 404 1460 "-" "Mozilla/5.0 (Windows NT 10.0; WOW64) AppleWebKit/537.36 (KHTML, like Gecko) Chrome/46.0.2490.80 Safari/537.36"
::1 - - [14/Nov/2015:05:33:47 +0000] "GET /products HTTP/1.1" 404 1460 "-" "Mozilla/5.0 (Windows NT 10.0; WOW64) AppleWebKit/537.36 (KHTML, like Gecko) Chrome/46.0.2490.80 Safari/537.36"
::1 - - [14/Nov/2015:05:33:48 +0000] "GET /products HTTP/1.1" 404 1460 "-" "Mozilla/5.0 (Windows NT 10.0; WOW64) AppleWebKit/537.36 (KHTML, like Gecko) Chrome/46.0.2490.80 Safari/537.36"
::1 - - [14/Nov/2015:05:33:48 +0000] "GET /products HTTP/1.1" 404 1460 "-" "Mozilla/5.0 (Windows NT 10.0; WOW64) AppleWebKit/537.36 (KHTML, like Gecko) Chrome/46.0.2490.80 Safari/537.36"
::1 - - [14/Nov/2015:05:33:48 +0000] "GET /products HTTP/1.1" 404 1460 "-" "Mozilla/5.0 (Windows NT 10.0; WOW64) AppleWebKit/537.36 (KHTML, like Gecko) Chrome/46.0.2490.80 Safari/537.36"
::1 - - [14/Nov/2015:05:33:50 +0000] "GET / HTTP/1.1" 304 - "-" "Mozilla/5.0 (Windows NT 10.0; WOW64) AppleWebKit/537.36 (KHTML, like Gecko) Chrome/46.0.2490.80 Safari/537.36"
::1 - - [14/Nov/2015:05:34:20 +0000] "GET / HTTP/1.1" 304 - "-" "Mozilla/5.0 (Windows NT 10.0; WOW64) AppleWebKit/537.36 (KHTML, like Gecko) Chrome/46.0.2490.80 Safari/537.36"
::1 - - [14/Nov/2015:05:34:25 +0000] "GET /products HTTP/1.1" 200 111 "-" "Mozilla/5.0 (Windows NT 10.0; WOW64) AppleWebKit/537.36 (KHTML, like Gecko) Chrome/46.0.2490.80 Safari/537.36"
::1 - - [14/Nov/2015:05:39:22 +0000] "GET /products HTTP/1.1" 200 454 "-" "Mozilla/5.0 (Windows NT 10.0; WOW64) AppleWebKit/537.36 (KHTML, like Gecko) Chrome/46.0.2490.80 Safari/537.36"
::1 - - [14/Nov/2015:05:52:55 +0000] "GET / HTTP/1.1" 200 1077 "-" "Mozilla/5.0 (Windows NT 10.0; WOW64) AppleWebKit/537.36 (KHTML, like Gecko) Chrome/46.0.2490.80 Safari/537.36"
::1 - - [14/Nov/2015:05:52:56 +0000] "GET /products HTTP/1.1" 304 - "http://localhost:4444/" "Mozilla/5.0 (Windows NT 10.0; WOW64) AppleWebKit/537.36 (KHTML, like Gecko) Chrome/46.0.2490.80 Safari/537.36"
::1 - - [14/Nov/2015:05:53:00 +0000] "GET /angulars/angular.min.js.map HTTP/1.1" 404 1460 "-" "Mozilla/5.0 (Windows NT 10.0; WOW64) AppleWebKit/537.36 (KHTML, like Gecko) Chrome/46.0.2490.80 Safari/537.36"
::1 - - [14/Nov/2015:05:53:24 +0000] "GET / HTTP/1.1" 200 1077 "-" "Mozilla/5.0 (Windows NT 10.0; WOW64) AppleWebKit/537.36 (KHTML, like Gecko) Chrome/46.0.2490.80 Safari/537.36"
::1 - - [14/Nov/2015:05:53:24 +0000] "GET /products HTTP/1.1" 200 454 "http://localhost:4444/" "Mozilla/5.0 (Windows NT 10.0; WOW64) AppleWebKit/537.36 (KHTML, like Gecko) Chrome/46.0.2490.80 Safari/537.36"
::1 - - [14/Nov/2015:05:53:24 +0000] "GET /angulars/angular.min.js.map HTTP/1.1" 404 1460 "-" "Mozilla/5.0 (Windows NT 10.0; WOW64) AppleWebKit/537.36 (KHTML, like Gecko) Chrome/46.0.2490.80 Safari/537.36"
::1 - - [14/Nov/2015:05:53:50 +0000] "GET /products HTTP/1.1" 304 - "-" "Mozilla/5.0 (Windows NT 10.0; WOW64) AppleWebKit/537.36 (KHTML, like Gecko) Chrome/46.0.2490.80 Safari/537.36"
::1 - - [14/Nov/2015:05:54:37 +0000] "GET / HTTP/1.1" 200 1077 "-" "Mozilla/5.0 (Windows NT 10.0; WOW64) AppleWebKit/537.36 (KHTML, like Gecko) Chrome/46.0.2490.80 Safari/537.36"
::1 - - [14/Nov/2015:05:54:37 +0000] "GET /products HTTP/1.1" 200 454 "http://localhost:4444/" "Mozilla/5.0 (Windows NT 10.0; WOW64) AppleWebKit/537.36 (KHTML, like Gecko) Chrome/46.0.2490.80 Safari/537.36"
::1 - - [14/Nov/2015:05:54:37 +0000] "GET /angulars/angular.min.js.map HTTP/1.1" 404 1460 "-" "Mozilla/5.0 (Windows NT 10.0; WOW64) AppleWebKit/537.36 (KHTML, like Gecko) Chrome/46.0.2490.80 Safari/537.36"
::1 - - [14/Nov/2015:06:04:56 +0000] "GET / HTTP/1.1" 304 - "-" "Mozilla/5.0 (Windows NT 10.0; WOW64) AppleWebKit/537.36 (KHTML, like Gecko) Chrome/46.0.2490.80 Safari/537.36"
::1 - - [14/Nov/2015:06:04:56 +0000] "GET /products HTTP/1.1" 200 565 "http://localhost:4444/" "Mozilla/5.0 (Windows NT 10.0; WOW64) AppleWebKit/537.36 (KHTML, like Gecko) Chrome/46.0.2490.80 Safari/537.36"
::1 - - [14/Nov/2015:06:17:28 +0000] "GET / HTTP/1.1" 200 1411 "-" "Mozilla/5.0 (Windows NT 10.0; WOW64) AppleWebKit/537.36 (KHTML, like Gecko) Chrome/46.0.2490.80 Safari/537.36"
::1 - - [14/Nov/2015:06:17:28 +0000] "GET /products HTTP/1.1" 304 - "http://localhost:4444/" "Mozilla/5.0 (Windows NT 10.0; WOW64) AppleWebKit/537.36 (KHTML, like Gecko) Chrome/46.0.2490.80 Safari/537.36"
::1 - - [14/Nov/2015:06:31:20 +0000] "GET / HTTP/1.1" 200 1533 "-" "Mozilla/5.0 (Windows NT 10.0; WOW64) AppleWebKit/537.36 (KHTML, like Gecko) Chrome/46.0.2490.80 Safari/537.36"
::1 - - [14/Nov/2015:06:31:20 +0000] "GET /controllers/productListController.js HTTP/1.1" 404 1460 "http://localhost:4444/" "Mozilla/5.0 (Windows NT 10.0; WOW64) AppleWebKit/537.36 (KHTML, like Gecko) Chrome/46.0.2490.80 Safari/537.36"
::1 - - [14/Nov/2015:06:31:20 +0000] "GET /products HTTP/1.1" 304 - "http://localhost:4444/" "Mozilla/5.0 (Windows NT 10.0; WOW64) AppleWebKit/537.36 (KHTML, like Gecko) Chrome/46.0.2490.80 Safari/537.36"
::1 - - [14/Nov/2015:06:31:23 +0000] "GET / HTTP/1.1" 304 - "-" "Mozilla/5.0 (Windows NT 10.0; WOW64) AppleWebKit/537.36 (KHTML, like Gecko) Chrome/46.0.2490.80 Safari/537.36"
::1 - - [14/Nov/2015:06:31:23 +0000] "GET /controllers/productListController.js HTTP/1.1" 404 1460 "http://localhost:4444/" "Mozilla/5.0 (Windows NT 10.0; WOW64) AppleWebKit/537.36 (KHTML, like Gecko) Chrome/46.0.2490.80 Safari/537.36"
::1 - - [14/Nov/2015:06:31:23 +0000] "GET /products HTTP/1.1" 304 - "http://localhost:4444/" "Mozilla/5.0 (Windows NT 10.0; WOW64) AppleWebKit/537.36 (KHTML, like Gecko) Chrome/46.0.2490.80 Safari/537.36"
::1 - - [14/Nov/2015:06:31:26 +0000] "GET /angulars/angular.min.js.map HTTP/1.1" 404 1460 "-" "Mozilla/5.0 (Windows NT 10.0; WOW64) AppleWebKit/537.36 (KHTML, like Gecko) Chrome/46.0.2490.80 Safari/537.36"
::1 - - [14/Nov/2015:06:31:46 +0000] "GET /controllers/productListController.js HTTP/1.1" 404 1460 "-" "Mozilla/5.0 (Windows NT 10.0; WOW64) AppleWebKit/537.36 (KHTML, like Gecko) Chrome/46.0.2490.80 Safari/537.36"
::1 - - [14/Nov/2015:06:32:06 +0000] "GET / HTTP/1.1" 200 1534 "-" "Mozilla/5.0 (Windows NT 10.0; WOW64) AppleWebKit/537.36 (KHTML, like Gecko) Chrome/46.0.2490.80 Safari/537.36"
::1 - - [14/Nov/2015:06:32:06 +0000] "GET /angulars/angular.min.js.map HTTP/1.1" 404 1460 "-" "Mozilla/5.0 (Windows NT 10.0; WOW64) AppleWebKit/537.36 (KHTML, like Gecko) Chrome/46.0.2490.80 Safari/537.36"
::1 - - [14/Nov/2015:06:32:06 +0000] "GET /products HTTP/1.1" 200 565 "http://localhost:4444/" "Mozilla/5.0 (Windows NT 10.0; WOW64) AppleWebKit/537.36 (KHTML, like Gecko) Chrome/46.0.2490.80 Safari/537.36"
::1 - - [14/Nov/2015:06:32:14 +0000] "GET / HTTP/1.1" 200 1534 "-" "Mozilla/5.0 (Windows NT 10.0; WOW64) AppleWebKit/537.36 (KHTML, like Gecko) Chrome/46.0.2490.80 Safari/537.36"
::1 - - [14/Nov/2015:06:32:14 +0000] "GET /products HTTP/1.1" 200 565 "http://localhost:4444/" "Mozilla/5.0 (Windows NT 10.0; WOW64) AppleWebKit/537.36 (KHTML, like Gecko) Chrome/46.0.2490.80 Safari/537.36"
::1 - - [14/Nov/2015:06:32:14 +0000] "GET /angulars/angular.min.js.map HTTP/1.1" 404 1460 "-" "Mozilla/5.0 (Windows NT 10.0; WOW64) AppleWebKit/537.36 (KHTML, like Gecko) Chrome/46.0.2490.80 Safari/537.36"
::1 - - [14/Nov/2015:06:32:57 +0000] "GET / HTTP/1.1" 200 1522 "-" "Mozilla/5.0 (Windows NT 10.0; WOW64) AppleWebKit/537.36 (KHTML, like Gecko) Chrome/46.0.2490.80 Safari/537.36"
::1 - - [14/Nov/2015:06:32:57 +0000] "GET /products HTTP/1.1" 200 565 "http://localhost:4444/" "Mozilla/5.0 (Windows NT 10.0; WOW64) AppleWebKit/537.36 (KHTML, like Gecko) Chrome/46.0.2490.80 Safari/537.36"
::1 - - [14/Nov/2015:06:32:57 +0000] "GET /angulars/angular.min.js.map HTTP/1.1" 404 1460 "-" "Mozilla/5.0 (Windows NT 10.0; WOW64) AppleWebKit/537.36 (KHTML, like Gecko) Chrome/46.0.2490.80 Safari/537.36"
::1 - - [14/Nov/2015:06:33:05 +0000] "GET / HTTP/1.1" 200 1510 "-" "Mozilla/5.0 (Windows NT 10.0; WOW64) AppleWebKit/537.36 (KHTML, like Gecko) Chrome/46.0.2490.80 Safari/537.36"
::1 - - [14/Nov/2015:06:33:05 +0000] "GET /products HTTP/1.1" 200 565 "http://localhost:4444/" "Mozilla/5.0 (Windows NT 10.0; WOW64) AppleWebKit/537.36 (KHTML, like Gecko) Chrome/46.0.2490.80 Safari/537.36"
::1 - - [14/Nov/2015:06:33:05 +0000] "GET /angulars/angular.min.js.map HTTP/1.1" 404 1460 "-" "Mozilla/5.0 (Windows NT 10.0; WOW64) AppleWebKit/537.36 (KHTML, like Gecko) Chrome/46.0.2490.80 Safari/537.36"
::1 - - [14/Nov/2015:06:34:08 +0000] "GET / HTTP/1.1" 200 1523 "-" "Mozilla/5.0 (Windows NT 10.0; WOW64) AppleWebKit/537.36 (KHTML, like Gecko) Chrome/46.0.2490.80 Safari/537.36"
::1 - - [14/Nov/2015:06:34:08 +0000] "GET /products HTTP/1.1" 200 565 "http://localhost:4444/" "Mozilla/5.0 (Windows NT 10.0; WOW64) AppleWebKit/537.36 (KHTML, like Gecko) Chrome/46.0.2490.80 Safari/537.36"
::1 - - [14/Nov/2015:06:34:08 +0000] "GET /angulars/angular.min.js.map HTTP/1.1" 404 1460 "-" "Mozilla/5.0 (Windows NT 10.0; WOW64) AppleWebKit/537.36 (KHTML, like Gecko) Chrome/46.0.2490.80 Safari/537.36"
::1 - - [14/Nov/2015:06:34:13 +0000] "GET / HTTP/1.1" 200 1523 "-" "Mozilla/5.0 (Windows NT 10.0; WOW64) AppleWebKit/537.36 (KHTML, like Gecko) Chrome/46.0.2490.80 Safari/537.36"
::1 - - [14/Nov/2015:06:34:13 +0000] "GET /angulars/angular.min.js.map HTTP/1.1" 404 1460 "-" "Mozilla/5.0 (Windows NT 10.0; WOW64) AppleWebKit/537.36 (KHTML, like Gecko) Chrome/46.0.2490.80 Safari/537.36"
::1 - - [14/Nov/2015:06:34:13 +0000] "GET /products HTTP/1.1" 200 565 "http://localhost:4444/" "Mozilla/5.0 (Windows NT 10.0; WOW64) AppleWebKit/537.36 (KHTML, like Gecko) Chrome/46.0.2490.80 Safari/537.36"
::1 - - [14/Nov/2015:06:34:22 +0000] "GET / HTTP/1.1" 200 1522 "-" "Mozilla/5.0 (Windows NT 10.0; WOW64) AppleWebKit/537.36 (KHTML, like Gecko) Chrome/46.0.2490.80 Safari/537.36"
::1 - - [14/Nov/2015:06:34:23 +0000] "GET /products HTTP/1.1" 200 565 "http://localhost:4444/" "Mozilla/5.0 (Windows NT 10.0; WOW64) AppleWebKit/537.36 (KHTML, like Gecko) Chrome/46.0.2490.80 Safari/537.36"
::1 - - [14/Nov/2015:06:34:23 +0000] "GET /angulars/angular.min.js.map HTTP/1.1" 404 1460 "-" "Mozilla/5.0 (Windows NT 10.0; WOW64) AppleWebKit/537.36 (KHTML, like Gecko) Chrome/46.0.2490.80 Safari/537.36"
::1 - - [14/Nov/2015:06:34:24 +0000] "GET / HTTP/1.1" 200 1522 "-" "Mozilla/5.0 (Windows NT 10.0; WOW64) AppleWebKit/537.36 (KHTML, like Gecko) Chrome/46.0.2490.80 Safari/537.36"
::1 - - [14/Nov/2015:06:34:24 +0000] "GET /products HTTP/1.1" 200 565 "http://localhost:4444/" "Mozilla/5.0 (Windows NT 10.0; WOW64) AppleWebKit/537.36 (KHTML, like Gecko) Chrome/46.0.2490.80 Safari/537.36"
::1 - - [14/Nov/2015:06:34:24 +0000] "GET /angulars/angular.min.js.map HTTP/1.1" 404 1460 "-" "Mozilla/5.0 (Windows NT 10.0; WOW64) AppleWebKit/537.36 (KHTML, like Gecko) Chrome/46.0.2490.80 Safari/537.36"
::1 - - [14/Nov/2015:06:36:21 +0000] "GET / HTTP/1.1" 200 1530 "-" "Mozilla/5.0 (Windows NT 10.0; WOW64) AppleWebKit/537.36 (KHTML, like Gecko) Chrome/46.0.2490.80 Safari/537.36"
::1 - - [14/Nov/2015:06:36:21 +0000] "GET /products HTTP/1.1" 200 565 "http://localhost:4444/" "Mozilla/5.0 (Windows NT 10.0; WOW64) AppleWebKit/537.36 (KHTML, like Gecko) Chrome/46.0.2490.80 Safari/537.36"
::1 - - [14/Nov/2015:06:36:21 +0000] "GET /angulars/angular.min.js.map HTTP/1.1" 404 1460 "-" "Mozilla/5.0 (Windows NT 10.0; WOW64) AppleWebKit/537.36 (KHTML, like Gecko) Chrome/46.0.2490.80 Safari/537.36"
::1 - - [14/Nov/2015:06:37:35 +0000] "GET / HTTP/1.1" 200 1522 "-" "Mozilla/5.0 (Windows NT 10.0; WOW64) AppleWebKit/537.36 (KHTML, like Gecko) Chrome/46.0.2490.80 Safari/537.36"
::1 - - [14/Nov/2015:06:37:35 +0000] "GET /products HTTP/1.1" 200 565 "http://localhost:4444/" "Mozilla/5.0 (Windows NT 10.0; WOW64) AppleWebKit/537.36 (KHTML, like Gecko) Chrome/46.0.2490.80 Safari/537.36"
::1 - - [14/Nov/2015:06:37:35 +0000] "GET /angulars/angular.min.js.map HTTP/1.1" 404 1460 "-" "Mozilla/5.0 (Windows NT 10.0; WOW64) AppleWebKit/537.36 (KHTML, like Gecko) Chrome/46.0.2490.80 Safari/537.36"
::1 - - [14/Nov/2015:06:37:43 +0000] "GET / HTTP/1.1" 200 1530 "-" "Mozilla/5.0 (Windows NT 10.0; WOW64) AppleWebKit/537.36 (KHTML, like Gecko) Chrome/46.0.2490.80 Safari/537.36"
::1 - - [14/Nov/2015:06:37:43 +0000] "GET /angulars/angular.min.js.map HTTP/1.1" 404 1460 "-" "Mozilla/5.0 (Windows NT 10.0; WOW64) AppleWebKit/537.36 (KHTML, like Gecko) Chrome/46.0.2490.80 Safari/537.36"
::1 - - [14/Nov/2015:06:37:43 +0000] "GET /products HTTP/1.1" 200 565 "http://localhost:4444/" "Mozilla/5.0 (Windows NT 10.0; WOW64) AppleWebKit/537.36 (KHTML, like Gecko) Chrome/46.0.2490.80 Safari/537.36"
::1 - - [14/Nov/2015:06:40:33 +0000] "GET / HTTP/1.1" 200 1534 "-" "Mozilla/5.0 (Windows NT 10.0; WOW64) AppleWebKit/537.36 (KHTML, like Gecko) Chrome/46.0.2490.80 Safari/537.36"
::1 - - [14/Nov/2015:06:40:33 +0000] "GET /angulars/angular.min.js.map HTTP/1.1" 404 1460 "-" "Mozilla/5.0 (Windows NT 10.0; WOW64) AppleWebKit/537.36 (KHTML, like Gecko) Chrome/46.0.2490.80 Safari/537.36"
::1 - - [14/Nov/2015:06:40:33 +0000] "GET /products HTTP/1.1" 200 565 "http://localhost:4444/" "Mozilla/5.0 (Windows NT 10.0; WOW64) AppleWebKit/537.36 (KHTML, like Gecko) Chrome/46.0.2490.80 Safari/537.36"
::1 - - [14/Nov/2015:06:42:13 +0000] "GET / HTTP/1.1" 200 1534 "-" "Mozilla/5.0 (Windows NT 10.0; WOW64) AppleWebKit/537.36 (KHTML, like Gecko) Chrome/46.0.2490.80 Safari/537.36"
::1 - - [14/Nov/2015:06:42:13 +0000] "GET /products HTTP/1.1" 200 565 "http://localhost:4444/" "Mozilla/5.0 (Windows NT 10.0; WOW64) AppleWebKit/537.36 (KHTML, like Gecko) Chrome/46.0.2490.80 Safari/537.36"
::1 - - [14/Nov/2015:06:42:14 +0000] "GET /angulars/angular.min.js.map HTTP/1.1" 404 1460 "-" "Mozilla/5.0 (Windows NT 10.0; WOW64) AppleWebKit/537.36 (KHTML, like Gecko) Chrome/46.0.2490.80 Safari/537.36"
::1 - - [14/Nov/2015:06:42:23 +0000] "GET / HTTP/1.1" 200 1534 "-" "Mozilla/5.0 (Windows NT 10.0; WOW64) AppleWebKit/537.36 (KHTML, like Gecko) Chrome/46.0.2490.80 Safari/537.36"
::1 - - [14/Nov/2015:06:42:24 +0000] "GET /products HTTP/1.1" 200 565 "http://localhost:4444/" "Mozilla/5.0 (Windows NT 10.0; WOW64) AppleWebKit/537.36 (KHTML, like Gecko) Chrome/46.0.2490.80 Safari/537.36"
::1 - - [14/Nov/2015:06:42:24 +0000] "GET /angulars/angular.min.js.map HTTP/1.1" 404 1460 "-" "Mozilla/5.0 (Windows NT 10.0; WOW64) AppleWebKit/537.36 (KHTML, like Gecko) Chrome/46.0.2490.80 Safari/537.36"
::1 - - [14/Nov/2015:06:43:31 +0000] "GET / HTTP/1.1" 200 1534 "-" "Mozilla/5.0 (Windows NT 10.0; WOW64) AppleWebKit/537.36 (KHTML, like Gecko) Chrome/46.0.2490.80 Safari/537.36"
::1 - - [14/Nov/2015:06:43:31 +0000] "GET /angulars/angular.min.js.map HTTP/1.1" 404 1460 "-" "Mozilla/5.0 (Windows NT 10.0; WOW64) AppleWebKit/537.36 (KHTML, like Gecko) Chrome/46.0.2490.80 Safari/537.36"
::1 - - [14/Nov/2015:06:43:32 +0000] "GET /products HTTP/1.1" 200 565 "http://localhost:4444/" "Mozilla/5.0 (Windows NT 10.0; WOW64) AppleWebKit/537.36 (KHTML, like Gecko) Chrome/46.0.2490.80 Safari/537.36"
::1 - - [14/Nov/2015:06:44:01 +0000] "GET / HTTP/1.1" 200 1534 "-" "Mozilla/5.0 (Windows NT 10.0; WOW64) AppleWebKit/537.36 (KHTML, like Gecko) Chrome/46.0.2490.80 Safari/537.36"
::1 - - [14/Nov/2015:06:44:01 +0000] "GET /angulars/angular.min.js.map HTTP/1.1" 404 1460 "-" "Mozilla/5.0 (Windows NT 10.0; WOW64) AppleWebKit/537.36 (KHTML, like Gecko) Chrome/46.0.2490.80 Safari/537.36"
::1 - - [14/Nov/2015:06:44:01 +0000] "GET /products HTTP/1.1" 200 565 "http://localhost:4444/" "Mozilla/5.0 (Windows NT 10.0; WOW64) AppleWebKit/537.36 (KHTML, like Gecko) Chrome/46.0.2490.80 Safari/537.36"
::1 - - [14/Nov/2015:06:45:26 +0000] "GET / HTTP/1.1" 200 1534 "-" "Mozilla/5.0 (Windows NT 10.0; WOW64) AppleWebKit/537.36 (KHTML, like Gecko) Chrome/46.0.2490.80 Safari/537.36"
::1 - - [14/Nov/2015:06:45:26 +0000] "GET /products HTTP/1.1" 200 565 "http://localhost:4444/" "Mozilla/5.0 (Windows NT 10.0; WOW64) AppleWebKit/537.36 (KHTML, like Gecko) Chrome/46.0.2490.80 Safari/537.36"
::1 - - [14/Nov/2015:06:45:26 +0000] "GET /angulars/angular.min.js.map HTTP/1.1" 404 1460 "-" "Mozilla/5.0 (Windows NT 10.0; WOW64) AppleWebKit/537.36 (KHTML, like Gecko) Chrome/46.0.2490.80 Safari/537.36"
::1 - - [14/Nov/2015:06:46:00 +0000] "GET / HTTP/1.1" 200 1568 "-" "Mozilla/5.0 (Windows NT 10.0; WOW64) AppleWebKit/537.36 (KHTML, like Gecko) Chrome/46.0.2490.80 Safari/537.36"
::1 - - [14/Nov/2015:06:46:00 +0000] "GET /products HTTP/1.1" 200 565 "http://localhost:4444/" "Mozilla/5.0 (Windows NT 10.0; WOW64) AppleWebKit/537.36 (KHTML, like Gecko) Chrome/46.0.2490.80 Safari/537.36"
::1 - - [14/Nov/2015:06:46:00 +0000] "GET /angulars/angular.min.js.map HTTP/1.1" 404 1460 "-" "Mozilla/5.0 (Windows NT 10.0; WOW64) AppleWebKit/537.36 (KHTML, like Gecko) Chrome/46.0.2490.80 Safari/537.36"
::1 - - [14/Nov/2015:06:46:09 +0000] "GET / HTTP/1.1" 200 1570 "-" "Mozilla/5.0 (Windows NT 10.0; WOW64) AppleWebKit/537.36 (KHTML, like Gecko) Chrome/46.0.2490.80 Safari/537.36"
::1 - - [14/Nov/2015:06:46:09 +0000] "GET /products HTTP/1.1" 200 565 "http://localhost:4444/" "Mozilla/5.0 (Windows NT 10.0; WOW64) AppleWebKit/537.36 (KHTML, like Gecko) Chrome/46.0.2490.80 Safari/537.36"
::1 - - [14/Nov/2015:06:46:09 +0000] "GET /angulars/angular.min.js.map HTTP/1.1" 404 1460 "-" "Mozilla/5.0 (Windows NT 10.0; WOW64) AppleWebKit/537.36 (KHTML, like Gecko) Chrome/46.0.2490.80 Safari/537.36"
::1 - - [14/Nov/2015:06:46:19 +0000] "GET / HTTP/1.1" 200 1568 "-" "Mozilla/5.0 (Windows NT 10.0; WOW64) AppleWebKit/537.36 (KHTML, like Gecko) Chrome/46.0.2490.80 Safari/537.36"
::1 - - [14/Nov/2015:06:46:19 +0000] "GET /products HTTP/1.1" 200 565 "http://localhost:4444/" "Mozilla/5.0 (Windows NT 10.0; WOW64) AppleWebKit/537.36 (KHTML, like Gecko) Chrome/46.0.2490.80 Safari/537.36"
::1 - - [14/Nov/2015:06:46:19 +0000] "GET /angulars/angular.min.js.map HTTP/1.1" 404 1460 "-" "Mozilla/5.0 (Windows NT 10.0; WOW64) AppleWebKit/537.36 (KHTML, like Gecko) Chrome/46.0.2490.80 Safari/537.36"
::1 - - [14/Nov/2015:06:46:26 +0000] "GET / HTTP/1.1" 200 1534 "-" "Mozilla/5.0 (Windows NT 10.0; WOW64) AppleWebKit/537.36 (KHTML, like Gecko) Chrome/46.0.2490.80 Safari/537.36"
::1 - - [14/Nov/2015:06:46:27 +0000] "GET /products HTTP/1.1" 200 565 "http://localhost:4444/" "Mozilla/5.0 (Windows NT 10.0; WOW64) AppleWebKit/537.36 (KHTML, like Gecko) Chrome/46.0.2490.80 Safari/537.36"
::1 - - [14/Nov/2015:06:46:27 +0000] "GET /angulars/angular.min.js.map HTTP/1.1" 404 1460 "-" "Mozilla/5.0 (Windows NT 10.0; WOW64) AppleWebKit/537.36 (KHTML, like Gecko) Chrome/46.0.2490.80 Safari/537.36"
::1 - - [14/Nov/2015:06:46:39 +0000] "GET / HTTP/1.1" 200 1534 "-" "Mozilla/5.0 (Windows NT 10.0; WOW64) AppleWebKit/537.36 (KHTML, like Gecko) Chrome/46.0.2490.80 Safari/537.36"
::1 - - [14/Nov/2015:06:46:39 +0000] "GET /products HTTP/1.1" 200 565 "http://localhost:4444/" "Mozilla/5.0 (Windows NT 10.0; WOW64) AppleWebKit/537.36 (KHTML, like Gecko) Chrome/46.0.2490.80 Safari/537.36"
::1 - - [14/Nov/2015:06:46:39 +0000] "GET /angulars/angular.min.js.map HTTP/1.1" 404 1460 "-" "Mozilla/5.0 (Windows NT 10.0; WOW64) AppleWebKit/537.36 (KHTML, like Gecko) Chrome/46.0.2490.80 Safari/537.36"
::1 - - [14/Nov/2015:06:46:50 +0000] "GET / HTTP/1.1" 200 1534 "-" "Mozilla/5.0 (Windows NT 10.0; WOW64) AppleWebKit/537.36 (KHTML, like Gecko) Chrome/46.0.2490.80 Safari/537.36"
::1 - - [14/Nov/2015:06:46:50 +0000] "GET /products HTTP/1.1" 200 565 "http://localhost:4444/" "Mozilla/5.0 (Windows NT 10.0; WOW64) AppleWebKit/537.36 (KHTML, like Gecko) Chrome/46.0.2490.80 Safari/537.36"
::1 - - [14/Nov/2015:06:46:51 +0000] "GET /angulars/angular.min.js.map HTTP/1.1" 404 1460 "-" "Mozilla/5.0 (Windows NT 10.0; WOW64) AppleWebKit/537.36 (KHTML, like Gecko) Chrome/46.0.2490.80 Safari/537.36"
::1 - - [14/Nov/2015:06:47:14 +0000] "GET / HTTP/1.1" 200 1534 "-" "Mozilla/5.0 (Windows NT 10.0; WOW64) AppleWebKit/537.36 (KHTML, like Gecko) Chrome/46.0.2490.80 Safari/537.36"
::1 - - [14/Nov/2015:06:47:14 +0000] "GET /products HTTP/1.1" 200 565 "http://localhost:4444/" "Mozilla/5.0 (Windows NT 10.0; WOW64) AppleWebKit/537.36 (KHTML, like Gecko) Chrome/46.0.2490.80 Safari/537.36"
::1 - - [14/Nov/2015:06:47:14 +0000] "GET /angulars/angular.min.js.map HTTP/1.1" 404 1460 "-" "Mozilla/5.0 (Windows NT 10.0; WOW64) AppleWebKit/537.36 (KHTML, like Gecko) Chrome/46.0.2490.80 Safari/537.36"
::1 - - [14/Nov/2015:06:47:40 +0000] "GET / HTTP/1.1" 200 1534 "-" "Mozilla/5.0 (Windows NT 10.0; WOW64) AppleWebKit/537.36 (KHTML, like Gecko) Chrome/46.0.2490.80 Safari/537.36"
::1 - - [14/Nov/2015:06:47:40 +0000] "GET /angulars/angular.min.js.map HTTP/1.1" 404 1460 "-" "Mozilla/5.0 (Windows NT 10.0; WOW64) AppleWebKit/537.36 (KHTML, like Gecko) Chrome/46.0.2490.80 Safari/537.36"
::1 - - [14/Nov/2015:06:47:40 +0000] "GET /products HTTP/1.1" 200 565 "http://localhost:4444/" "Mozilla/5.0 (Windows NT 10.0; WOW64) AppleWebKit/537.36 (KHTML, like Gecko) Chrome/46.0.2490.80 Safari/537.36"
::1 - - [14/Nov/2015:06:54:50 +0000] "GET / HTTP/1.1" 200 1562 "-" "Mozilla/5.0 (Windows NT 10.0; WOW64) AppleWebKit/537.36 (KHTML, like Gecko) Chrome/46.0.2490.80 Safari/537.36"
::1 - - [14/Nov/2015:06:54:50 +0000] "GET /angulars/angular.min.js.map HTTP/1.1" 404 1460 "-" "Mozilla/5.0 (Windows NT 10.0; WOW64) AppleWebKit/537.36 (KHTML, like Gecko) Chrome/46.0.2490.80 Safari/537.36"
::1 - - [14/Nov/2015:06:54:50 +0000] "GET /products HTTP/1.1" 200 565 "http://localhost:4444/" "Mozilla/5.0 (Windows NT 10.0; WOW64) AppleWebKit/537.36 (KHTML, like Gecko) Chrome/46.0.2490.80 Safari/537.36"
::1 - - [14/Nov/2015:06:55:34 +0000] "GET / HTTP/1.1" 200 1571 "-" "Mozilla/5.0 (Windows NT 10.0; WOW64) AppleWebKit/537.36 (KHTML, like Gecko) Chrome/46.0.2490.80 Safari/537.36"
::1 - - [14/Nov/2015:06:55:34 +0000] "GET /angulars/angular.min.js.map HTTP/1.1" 404 1460 "-" "Mozilla/5.0 (Windows NT 10.0; WOW64) AppleWebKit/537.36 (KHTML, like Gecko) Chrome/46.0.2490.80 Safari/537.36"
::1 - - [14/Nov/2015:06:55:35 +0000] "GET /products HTTP/1.1" 200 565 "http://localhost:4444/" "Mozilla/5.0 (Windows NT 10.0; WOW64) AppleWebKit/537.36 (KHTML, like Gecko) Chrome/46.0.2490.80 Safari/537.36"
::1 - - [14/Nov/2015:06:55:50 +0000] "GET / HTTP/1.1" 200 1571 "-" "Mozilla/5.0 (Windows NT 10.0; WOW64) AppleWebKit/537.36 (KHTML, like Gecko) Chrome/46.0.2490.80 Safari/537.36"
::1 - - [14/Nov/2015:06:55:51 +0000] "GET /products HTTP/1.1" 200 565 "http://localhost:4444/" "Mozilla/5.0 (Windows NT 10.0; WOW64) AppleWebKit/537.36 (KHTML, like Gecko) Chrome/46.0.2490.80 Safari/537.36"
::1 - - [14/Nov/2015:06:55:51 +0000] "GET /angulars/angular.min.js.map HTTP/1.1" 404 1460 "-" "Mozilla/5.0 (Windows NT 10.0; WOW64) AppleWebKit/537.36 (KHTML, like Gecko) Chrome/46.0.2490.80 Safari/537.36"
::1 - - [14/Nov/2015:07:16:29 +0000] "GET / HTTP/1.1" 200 1599 "-" "Mozilla/5.0 (Windows NT 10.0; WOW64) AppleWebKit/537.36 (KHTML, like Gecko) Chrome/46.0.2490.80 Safari/537.36"
::1 - - [14/Nov/2015:07:16:30 +0000] "GET /angulars/angular.min.js.map HTTP/1.1" 404 1460 "-" "Mozilla/5.0 (Windows NT 10.0; WOW64) AppleWebKit/537.36 (KHTML, like Gecko) Chrome/46.0.2490.80 Safari/537.36"
::1 - - [14/Nov/2015:07:16:30 +0000] "GET /products HTTP/1.1" 200 565 "http://localhost:4444/" "Mozilla/5.0 (Windows NT 10.0; WOW64) AppleWebKit/537.36 (KHTML, like Gecko) Chrome/46.0.2490.80 Safari/537.36"
::1 - - [14/Nov/2015:07:16:38 +0000] "GET /angulars/angular.min.js.map HTTP/1.1" 404 1460 "-" "Mozilla/5.0 (Windows NT 10.0; WOW64) AppleWebKit/537.36 (KHTML, like Gecko) Chrome/46.0.2490.80 Safari/537.36"
::1 - - [14/Nov/2015:07:17:56 +0000] "GET / HTTP/1.1" 304 - "-" "Mozilla/5.0 (Windows NT 10.0; WOW64) AppleWebKit/537.36 (KHTML, like Gecko) Chrome/46.0.2490.80 Safari/537.36"
::1 - - [14/Nov/2015:07:17:56 +0000] "GET /products HTTP/1.1" 304 - "http://localhost:4444/" "Mozilla/5.0 (Windows NT 10.0; WOW64) AppleWebKit/537.36 (KHTML, like Gecko) Chrome/46.0.2490.80 Safari/537.36"
::1 - - [14/Nov/2015:07:20:35 +0000] "GET /angulars/angular.min.js.map HTTP/1.1" 404 1460 "-" "Mozilla/5.0 (Windows NT 10.0; WOW64) AppleWebKit/537.36 (KHTML, like Gecko) Chrome/46.0.2490.80 Safari/537.36"
::1 - - [14/Nov/2015:07:20:36 +0000] "GET / HTTP/1.1" 200 1599 "-" "Mozilla/5.0 (Windows NT 10.0; WOW64) AppleWebKit/537.36 (KHTML, like Gecko) Chrome/46.0.2490.80 Safari/537.36"
::1 - - [14/Nov/2015:07:20:37 +0000] "GET /products HTTP/1.1" 200 565 "http://localhost:4444/" "Mozilla/5.0 (Windows NT 10.0; WOW64) AppleWebKit/537.36 (KHTML, like Gecko) Chrome/46.0.2490.80 Safari/537.36"
::1 - - [14/Nov/2015:07:20:37 +0000] "GET /angulars/angular.min.js.map HTTP/1.1" 404 1460 "-" "Mozilla/5.0 (Windows NT 10.0; WOW64) AppleWebKit/537.36 (KHTML, like Gecko) Chrome/46.0.2490.80 Safari/537.36"
::1 - - [14/Nov/2015:07:21:24 +0000] "GET / HTTP/1.1" 200 1599 "-" "Mozilla/5.0 (Windows NT 10.0; WOW64) AppleWebKit/537.36 (KHTML, like Gecko) Chrome/46.0.2490.80 Safari/537.36"
::1 - - [14/Nov/2015:07:21:24 +0000] "GET /products HTTP/1.1" 200 565 "http://localhost:4444/" "Mozilla/5.0 (Windows NT 10.0; WOW64) AppleWebKit/537.36 (KHTML, like Gecko) Chrome/46.0.2490.80 Safari/537.36"
::1 - - [14/Nov/2015:07:21:24 +0000] "GET /angulars/angular.min.js.map HTTP/1.1" 404 1460 "-" "Mozilla/5.0 (Windows NT 10.0; WOW64) AppleWebKit/537.36 (KHTML, like Gecko) Chrome/46.0.2490.80 Safari/537.36"
::1 - - [14/Nov/2015:07:21:43 +0000] "GET / HTTP/1.1" 200 1599 "-" "Mozilla/5.0 (Windows NT 10.0; WOW64) AppleWebKit/537.36 (KHTML, like Gecko) Chrome/46.0.2490.80 Safari/537.36"
::1 - - [14/Nov/2015:07:21:43 +0000] "GET /angulars/angular.min.js.map HTTP/1.1" 404 1460 "-" "Mozilla/5.0 (Windows NT 10.0; WOW64) AppleWebKit/537.36 (KHTML, like Gecko) Chrome/46.0.2490.80 Safari/537.36"
::1 - - [14/Nov/2015:07:21:43 +0000] "GET /products HTTP/1.1" 200 565 "http://localhost:4444/" "Mozilla/5.0 (Windows NT 10.0; WOW64) AppleWebKit/537.36 (KHTML, like Gecko) Chrome/46.0.2490.80 Safari/537.36"
::1 - - [14/Nov/2015:07:21:45 +0000] "GET / HTTP/1.1" 200 1599 "-" "Mozilla/5.0 (Windows NT 10.0; WOW64) AppleWebKit/537.36 (KHTML, like Gecko) Chrome/46.0.2490.80 Safari/537.36"
::1 - - [14/Nov/2015:07:21:45 +0000] "GET /products HTTP/1.1" 200 565 "http://localhost:4444/" "Mozilla/5.0 (Windows NT 10.0; WOW64) AppleWebKit/537.36 (KHTML, like Gecko) Chrome/46.0.2490.80 Safari/537.36"
::1 - - [14/Nov/2015:07:21:45 +0000] "GET /angulars/angular.min.js.map HTTP/1.1" 404 1460 "-" "Mozilla/5.0 (Windows NT 10.0; WOW64) AppleWebKit/537.36 (KHTML, like Gecko) Chrome/46.0.2490.80 Safari/537.36"
::1 - - [14/Nov/2015:07:21:47 +0000] "GET / HTTP/1.1" 200 1599 "-" "Mozilla/5.0 (Windows NT 10.0; WOW64) AppleWebKit/537.36 (KHTML, like Gecko) Chrome/46.0.2490.80 Safari/537.36"
::1 - - [14/Nov/2015:07:21:47 +0000] "GET /angulars/angular.min.js.map HTTP/1.1" 404 1460 "-" "Mozilla/5.0 (Windows NT 10.0; WOW64) AppleWebKit/537.36 (KHTML, like Gecko) Chrome/46.0.2490.80 Safari/537.36"
::1 - - [14/Nov/2015:07:21:47 +0000] "GET /products HTTP/1.1" 200 565 "http://localhost:4444/" "Mozilla/5.0 (Windows NT 10.0; WOW64) AppleWebKit/537.36 (KHTML, like Gecko) Chrome/46.0.2490.80 Safari/537.36"
::1 - - [14/Nov/2015:07:22:02 +0000] "GET / HTTP/1.1" 200 1599 "-" "Mozilla/5.0 (Windows NT 10.0; WOW64) AppleWebKit/537.36 (KHTML, like Gecko) Chrome/46.0.2490.80 Safari/537.36"
::1 - - [14/Nov/2015:07:22:02 +0000] "GET /products HTTP/1.1" 200 565 "http://localhost:4444/" "Mozilla/5.0 (Windows NT 10.0; WOW64) AppleWebKit/537.36 (KHTML, like Gecko) Chrome/46.0.2490.80 Safari/537.36"
::1 - - [14/Nov/2015:07:22:02 +0000] "GET /angulars/angular.min.js.map HTTP/1.1" 404 1460 "-" "Mozilla/5.0 (Windows NT 10.0; WOW64) AppleWebKit/537.36 (KHTML, like Gecko) Chrome/46.0.2490.80 Safari/537.36"
::1 - - [14/Nov/2015:07:22:49 +0000] "GET / HTTP/1.1" 200 1599 "-" "Mozilla/5.0 (Windows NT 10.0; WOW64) AppleWebKit/537.36 (KHTML, like Gecko) Chrome/46.0.2490.80 Safari/537.36"
::1 - - [14/Nov/2015:07:22:49 +0000] "GET /products HTTP/1.1" 200 565 "http://localhost:4444/" "Mozilla/5.0 (Windows NT 10.0; WOW64) AppleWebKit/537.36 (KHTML, like Gecko) Chrome/46.0.2490.80 Safari/537.36"
::1 - - [14/Nov/2015:07:22:49 +0000] "GET /angulars/angular.min.js.map HTTP/1.1" 404 1460 "-" "Mozilla/5.0 (Windows NT 10.0; WOW64) AppleWebKit/537.36 (KHTML, like Gecko) Chrome/46.0.2490.80 Safari/537.36"
::1 - - [14/Nov/2015:07:23:46 +0000] "GET / HTTP/1.1" 200 1599 "-" "Mozilla/5.0 (Windows NT 10.0; WOW64) AppleWebKit/537.36 (KHTML, like Gecko) Chrome/46.0.2490.80 Safari/537.36"
::1 - - [14/Nov/2015:07:23:46 +0000] "GET /angulars/angular.min.js.map HTTP/1.1" 404 1460 "-" "Mozilla/5.0 (Windows NT 10.0; WOW64) AppleWebKit/537.36 (KHTML, like Gecko) Chrome/46.0.2490.80 Safari/537.36"
::1 - - [14/Nov/2015:07:23:46 +0000] "GET /products HTTP/1.1" 200 565 "http://localhost:4444/" "Mozilla/5.0 (Windows NT 10.0; WOW64) AppleWebKit/537.36 (KHTML, like Gecko) Chrome/46.0.2490.80 Safari/537.36"
::1 - - [14/Nov/2015:07:28:17 +0000] "GET / HTTP/1.1" 200 1876 "-" "Mozilla/5.0 (Windows NT 10.0; WOW64) AppleWebKit/537.36 (KHTML, like Gecko) Chrome/46.0.2490.80 Safari/537.36"
::1 - - [14/Nov/2015:07:28:17 +0000] "GET /products HTTP/1.1" 304 - "http://localhost:4444/" "Mozilla/5.0 (Windows NT 10.0; WOW64) AppleWebKit/537.36 (KHTML, like Gecko) Chrome/46.0.2490.80 Safari/537.36"
::1 - - [14/Nov/2015:07:28:21 +0000] "GET / HTTP/1.1" 304 - "-" "Mozilla/5.0 (Windows NT 10.0; WOW64) AppleWebKit/537.36 (KHTML, like Gecko) Chrome/46.0.2490.80 Safari/537.36"
::1 - - [14/Nov/2015:07:28:21 +0000] "GET /products HTTP/1.1" 304 - "http://localhost:4444/" "Mozilla/5.0 (Windows NT 10.0; WOW64) AppleWebKit/537.36 (KHTML, like Gecko) Chrome/46.0.2490.80 Safari/537.36"
::1 - - [14/Nov/2015:07:28:24 +0000] "GET /angulars/angular.min.js.map HTTP/1.1" 404 1460 "-" "Mozilla/5.0 (Windows NT 10.0; WOW64) AppleWebKit/537.36 (KHTML, like Gecko) Chrome/46.0.2490.80 Safari/537.36"
::1 - - [14/Nov/2015:07:28:42 +0000] "GET / HTTP/1.1" 200 1858 "-" "Mozilla/5.0 (Windows NT 10.0; WOW64) AppleWebKit/537.36 (KHTML, like Gecko) Chrome/46.0.2490.80 Safari/537.36"
::1 - - [14/Nov/2015:07:28:42 +0000] "GET /angulars/angular.min.js.map HTTP/1.1" 404 1460 "-" "Mozilla/5.0 (Windows NT 10.0; WOW64) AppleWebKit/537.36 (KHTML, like Gecko) Chrome/46.0.2490.80 Safari/537.36"
::1 - - [14/Nov/2015:07:28:43 +0000] "GET /products HTTP/1.1" 200 565 "http://localhost:4444/" "Mozilla/5.0 (Windows NT 10.0; WOW64) AppleWebKit/537.36 (KHTML, like Gecko) Chrome/46.0.2490.80 Safari/537.36"
::1 - - [14/Nov/2015:07:29:02 +0000] "GET / HTTP/1.1" 200 1876 "-" "Mozilla/5.0 (Windows NT 10.0; WOW64) AppleWebKit/537.36 (KHTML, like Gecko) Chrome/46.0.2490.80 Safari/537.36"
::1 - - [14/Nov/2015:07:29:02 +0000] "GET /angulars/angular.min.js.map HTTP/1.1" 404 1460 "-" "Mozilla/5.0 (Windows NT 10.0; WOW64) AppleWebKit/537.36 (KHTML, like Gecko) Chrome/46.0.2490.80 Safari/537.36"
::1 - - [14/Nov/2015:07:29:03 +0000] "GET /products HTTP/1.1" 200 565 "http://localhost:4444/" "Mozilla/5.0 (Windows NT 10.0; WOW64) AppleWebKit/537.36 (KHTML, like Gecko) Chrome/46.0.2490.80 Safari/537.36"
::1 - - [14/Nov/2015:07:30:13 +0000] "GET / HTTP/1.1" 200 1876 "-" "Mozilla/5.0 (Windows NT 10.0; WOW64) AppleWebKit/537.36 (KHTML, like Gecko) Chrome/46.0.2490.80 Safari/537.36"
::1 - - [14/Nov/2015:07:30:14 +0000] "GET /products HTTP/1.1" 200 565 "http://localhost:4444/" "Mozilla/5.0 (Windows NT 10.0; WOW64) AppleWebKit/537.36 (KHTML, like Gecko) Chrome/46.0.2490.80 Safari/537.36"
::1 - - [14/Nov/2015:07:30:14 +0000] "GET /angulars/angular.min.js.map HTTP/1.1" 404 1460 "-" "Mozilla/5.0 (Windows NT 10.0; WOW64) AppleWebKit/537.36 (KHTML, like Gecko) Chrome/46.0.2490.80 Safari/537.36"
::1 - - [14/Nov/2015:07:30:34 +0000] "GET / HTTP/1.1" 200 1876 "-" "Mozilla/5.0 (Windows NT 10.0; WOW64) AppleWebKit/537.36 (KHTML, like Gecko) Chrome/46.0.2490.80 Safari/537.36"
::1 - - [14/Nov/2015:07:30:34 +0000] "GET /products HTTP/1.1" 200 565 "http://localhost:4444/" "Mozilla/5.0 (Windows NT 10.0; WOW64) AppleWebKit/537.36 (KHTML, like Gecko) Chrome/46.0.2490.80 Safari/537.36"
::1 - - [14/Nov/2015:07:30:34 +0000] "GET /angulars/angular.min.js.map HTTP/1.1" 404 1460 "-" "Mozilla/5.0 (Windows NT 10.0; WOW64) AppleWebKit/537.36 (KHTML, like Gecko) Chrome/46.0.2490.80 Safari/537.36"
::1 - - [14/Nov/2015:07:30:56 +0000] "GET / HTTP/1.1" 200 1876 "-" "Mozilla/5.0 (Windows NT 10.0; WOW64) AppleWebKit/537.36 (KHTML, like Gecko) Chrome/46.0.2490.80 Safari/537.36"
::1 - - [14/Nov/2015:07:30:56 +0000] "GET /angulars/angular.min.js.map HTTP/1.1" 404 1460 "-" "Mozilla/5.0 (Windows NT 10.0; WOW64) AppleWebKit/537.36 (KHTML, like Gecko) Chrome/46.0.2490.80 Safari/537.36"
::1 - - [14/Nov/2015:07:30:56 +0000] "GET /products HTTP/1.1" 200 565 "http://localhost:4444/" "Mozilla/5.0 (Windows NT 10.0; WOW64) AppleWebKit/537.36 (KHTML, like Gecko) Chrome/46.0.2490.80 Safari/537.36"
::1 - - [14/Nov/2015:07:31:48 +0000] "GET / HTTP/1.1" 200 1857 "-" "Mozilla/5.0 (Windows NT 10.0; WOW64) AppleWebKit/537.36 (KHTML, like Gecko) Chrome/46.0.2490.80 Safari/537.36"
::1 - - [14/Nov/2015:07:31:48 +0000] "GET /products HTTP/1.1" 200 565 "http://localhost:4444/" "Mozilla/5.0 (Windows NT 10.0; WOW64) AppleWebKit/537.36 (KHTML, like Gecko) Chrome/46.0.2490.80 Safari/537.36"
::1 - - [14/Nov/2015:07:31:48 +0000] "GET /angulars/angular.min.js.map HTTP/1.1" 404 1460 "-" "Mozilla/5.0 (Windows NT 10.0; WOW64) AppleWebKit/537.36 (KHTML, like Gecko) Chrome/46.0.2490.80 Safari/537.36"
::1 - - [14/Nov/2015:07:32:25 +0000] "GET / HTTP/1.1" 200 1876 "-" "Mozilla/5.0 (Windows NT 10.0; WOW64) AppleWebKit/537.36 (KHTML, like Gecko) Chrome/46.0.2490.80 Safari/537.36"
::1 - - [14/Nov/2015:07:32:26 +0000] "GET /products HTTP/1.1" 200 565 "http://localhost:4444/" "Mozilla/5.0 (Windows NT 10.0; WOW64) AppleWebKit/537.36 (KHTML, like Gecko) Chrome/46.0.2490.80 Safari/537.36"
::1 - - [14/Nov/2015:07:32:26 +0000] "GET /angulars/angular.min.js.map HTTP/1.1" 404 1460 "-" "Mozilla/5.0 (Windows NT 10.0; WOW64) AppleWebKit/537.36 (KHTML, like Gecko) Chrome/46.0.2490.80 Safari/537.36"
::1 - - [14/Nov/2015:07:33:05 +0000] "GET / HTTP/1.1" 200 1876 "-" "Mozilla/5.0 (Windows NT 10.0; WOW64) AppleWebKit/537.36 (KHTML, like Gecko) Chrome/46.0.2490.80 Safari/537.36"
::1 - - [14/Nov/2015:07:33:05 +0000] "GET /angulars/angular.min.js.map HTTP/1.1" 404 1460 "-" "Mozilla/5.0 (Windows NT 10.0; WOW64) AppleWebKit/537.36 (KHTML, like Gecko) Chrome/46.0.2490.80 Safari/537.36"
::1 - - [14/Nov/2015:07:33:05 +0000] "GET /products HTTP/1.1" 200 565 "http://localhost:4444/" "Mozilla/5.0 (Windows NT 10.0; WOW64) AppleWebKit/537.36 (KHTML, like Gecko) Chrome/46.0.2490.80 Safari/537.36"
::1 - - [14/Nov/2015:07:34:27 +0000] "GET / HTTP/1.1" 200 1880 "-" "Mozilla/5.0 (Windows NT 10.0; WOW64) AppleWebKit/537.36 (KHTML, like Gecko) Chrome/46.0.2490.80 Safari/537.36"
::1 - - [14/Nov/2015:07:34:28 +0000] "GET /products HTTP/1.1" 304 - "http://localhost:4444/" "Mozilla/5.0 (Windows NT 10.0; WOW64) AppleWebKit/537.36 (KHTML, like Gecko) Chrome/46.0.2490.80 Safari/537.36"
::1 - - [14/Nov/2015:08:06:08 +0000] "GET / HTTP/1.1" 304 - "-" "Mozilla/5.0 (Windows NT 10.0; WOW64) AppleWebKit/537.36 (KHTML, like Gecko) Chrome/46.0.2490.80 Safari/537.36"
::1 - - [14/Nov/2015:08:06:08 +0000] "GET /products HTTP/1.1" 304 - "http://localhost:4444/" "Mozilla/5.0 (Windows NT 10.0; WOW64) AppleWebKit/537.36 (KHTML, like Gecko) Chrome/46.0.2490.80 Safari/537.36"
::1 - - [14/Nov/2015:08:15:55 +0000] "GET / HTTP/1.1" 200 2092 "-" "Mozilla/5.0 (Windows NT 10.0; WOW64) AppleWebKit/537.36 (KHTML, like Gecko) Chrome/46.0.2490.80 Safari/537.36"
::1 - - [14/Nov/2015:08:15:55 +0000] "GET /products HTTP/1.1" 304 - "http://localhost:4444/" "Mozilla/5.0 (Windows NT 10.0; WOW64) AppleWebKit/537.36 (KHTML, like Gecko) Chrome/46.0.2490.80 Safari/537.36"
::1 - - [14/Nov/2015:08:16:11 +0000] "GET / HTTP/1.1" 304 - "-" "Mozilla/5.0 (Windows NT 10.0; WOW64) AppleWebKit/537.36 (KHTML, like Gecko) Chrome/46.0.2490.80 Safari/537.36"
::1 - - [14/Nov/2015:08:16:11 +0000] "GET /productss HTTP/1.1" 404 1460 "http://localhost:4444/" "Mozilla/5.0 (Windows NT 10.0; WOW64) AppleWebKit/537.36 (KHTML, like Gecko) Chrome/46.0.2490.80 Safari/537.36"
::1 - - [14/Nov/2015:08:16:39 +0000] "GET / HTTP/1.1" 200 2090 "-" "Mozilla/5.0 (Windows NT 10.0; WOW64) AppleWebKit/537.36 (KHTML, like Gecko) Chrome/46.0.2490.80 Safari/537.36"
::1 - - [14/Nov/2015:08:16:40 +0000] "GET /productss HTTP/1.1" 404 1460 "http://localhost:4444/" "Mozilla/5.0 (Windows NT 10.0; WOW64) AppleWebKit/537.36 (KHTML, like Gecko) Chrome/46.0.2490.80 Safari/537.36"
::1 - - [14/Nov/2015:08:16:41 +0000] "GET / HTTP/1.1" 304 - "-" "Mozilla/5.0 (Windows NT 10.0; WOW64) AppleWebKit/537.36 (KHTML, like Gecko) Chrome/46.0.2490.80 Safari/537.36"
::1 - - [14/Nov/2015:08:16:41 +0000] "GET /productss HTTP/1.1" 404 1460 "http://localhost:4444/" "Mozilla/5.0 (Windows NT 10.0; WOW64) AppleWebKit/537.36 (KHTML, like Gecko) Chrome/46.0.2490.80 Safari/537.36"
::1 - - [14/Nov/2015:08:16:41 +0000] "GET / HTTP/1.1" 304 - "-" "Mozilla/5.0 (Windows NT 10.0; WOW64) AppleWebKit/537.36 (KHTML, like Gecko) Chrome/46.0.2490.80 Safari/537.36"
::1 - - [14/Nov/2015:08:16:41 +0000] "GET /productss HTTP/1.1" 404 1460 "http://localhost:4444/" "Mozilla/5.0 (Windows NT 10.0; WOW64) AppleWebKit/537.36 (KHTML, like Gecko) Chrome/46.0.2490.80 Safari/537.36"
::1 - - [14/Nov/2015:08:16:41 +0000] "GET / HTTP/1.1" 304 - "-" "Mozilla/5.0 (Windows NT 10.0; WOW64) AppleWebKit/537.36 (KHTML, like Gecko) Chrome/46.0.2490.80 Safari/537.36"
::1 - - [14/Nov/2015:08:16:42 +0000] "GET /productss HTTP/1.1" 404 1460 "http://localhost:4444/" "Mozilla/5.0 (Windows NT 10.0; WOW64) AppleWebKit/537.36 (KHTML, like Gecko) Chrome/46.0.2490.80 Safari/537.36"
::1 - - [14/Nov/2015:08:16:42 +0000] "GET / HTTP/1.1" 304 - "-" "Mozilla/5.0 (Windows NT 10.0; WOW64) AppleWebKit/537.36 (KHTML, like Gecko) Chrome/46.0.2490.80 Safari/537.36"
::1 - - [14/Nov/2015:08:16:42 +0000] "GET /productss HTTP/1.1" 404 1460 "http://localhost:4444/" "Mozilla/5.0 (Windows NT 10.0; WOW64) AppleWebKit/537.36 (KHTML, like Gecko) Chrome/46.0.2490.80 Safari/537.36"
::1 - - [14/Nov/2015:08:17:18 +0000] "GET /angulars/angular.min.js.map HTTP/1.1" 404 1460 "-" "Mozilla/5.0 (Windows NT 10.0; WOW64) AppleWebKit/537.36 (KHTML, like Gecko) Chrome/46.0.2490.80 Safari/537.36"
::1 - - [14/Nov/2015:08:17:19 +0000] "GET / HTTP/1.1" 200 2090 "-" "Mozilla/5.0 (Windows NT 10.0; WOW64) AppleWebKit/537.36 (KHTML, like Gecko) Chrome/46.0.2490.80 Safari/537.36"
::1 - - [14/Nov/2015:08:17:19 +0000] "GET /productss HTTP/1.1" 404 1460 "http://localhost:4444/" "Mozilla/5.0 (Windows NT 10.0; WOW64) AppleWebKit/537.36 (KHTML, like Gecko) Chrome/46.0.2490.80 Safari/537.36"
::1 - - [14/Nov/2015:08:17:20 +0000] "GET /angulars/angular.min.js.map HTTP/1.1" 404 1460 "-" "Mozilla/5.0 (Windows NT 10.0; WOW64) AppleWebKit/537.36 (KHTML, like Gecko) Chrome/46.0.2490.80 Safari/537.36"
::1 - - [14/Nov/2015:08:17:34 +0000] "GET / HTTP/1.1" 200 2090 "http://localhost:4444/" "Mozilla/5.0 (Windows NT 10.0; WOW64) AppleWebKit/537.36 (KHTML, like Gecko) Chrome/46.0.2490.80 Safari/537.36"
::1 - - [14/Nov/2015:08:17:35 +0000] "GET /productss HTTP/1.1" 404 1460 "http://localhost:4444/" "Mozilla/5.0 (Windows NT 10.0; WOW64) AppleWebKit/537.36 (KHTML, like Gecko) Chrome/46.0.2490.80 Safari/537.36"
::1 - - [14/Nov/2015:08:17:35 +0000] "GET /angulars/angular.min.js.map HTTP/1.1" 404 1460 "-" "Mozilla/5.0 (Windows NT 10.0; WOW64) AppleWebKit/537.36 (KHTML, like Gecko) Chrome/46.0.2490.80 Safari/537.36"
::1 - - [14/Nov/2015:08:17:50 +0000] "GET / HTTP/1.1" 200 2090 "http://localhost:4444/" "Mozilla/5.0 (Windows NT 10.0; WOW64) AppleWebKit/537.36 (KHTML, like Gecko) Chrome/46.0.2490.80 Safari/537.36"
::1 - - [14/Nov/2015:08:17:50 +0000] "GET /productss HTTP/1.1" 404 1460 "http://localhost:4444/" "Mozilla/5.0 (Windows NT 10.0; WOW64) AppleWebKit/537.36 (KHTML, like Gecko) Chrome/46.0.2490.80 Safari/537.36"
::1 - - [14/Nov/2015:08:17:50 +0000] "GET /angulars/angular.min.js.map HTTP/1.1" 404 1460 "-" "Mozilla/5.0 (Windows NT 10.0; WOW64) AppleWebKit/537.36 (KHTML, like Gecko) Chrome/46.0.2490.80 Safari/537.36"
::1 - - [14/Nov/2015:08:19:58 +0000] "GET / HTTP/1.1" 200 2090 "http://localhost:4444/" "Mozilla/5.0 (Windows NT 10.0; WOW64) AppleWebKit/537.36 (KHTML, like Gecko) Chrome/46.0.2490.80 Safari/537.36"
::1 - - [14/Nov/2015:08:19:59 +0000] "GET /angulars/angular.min.js.map HTTP/1.1" 404 1460 "-" "Mozilla/5.0 (Windows NT 10.0; WOW64) AppleWebKit/537.36 (KHTML, like Gecko) Chrome/46.0.2490.80 Safari/537.36"
::1 - - [14/Nov/2015:08:19:59 +0000] "GET /productss HTTP/1.1" 404 1460 "http://localhost:4444/" "Mozilla/5.0 (Windows NT 10.0; WOW64) AppleWebKit/537.36 (KHTML, like Gecko) Chrome/46.0.2490.80 Safari/537.36"
::1 - - [14/Nov/2015:08:21:17 +0000] "GET / HTTP/1.1" 200 2090 "http://localhost:4444/" "Mozilla/5.0 (Windows NT 10.0; WOW64) AppleWebKit/537.36 (KHTML, like Gecko) Chrome/46.0.2490.80 Safari/537.36"
::1 - - [14/Nov/2015:08:21:17 +0000] "GET /productss HTTP/1.1" 404 1460 "http://localhost:4444/" "Mozilla/5.0 (Windows NT 10.0; WOW64) AppleWebKit/537.36 (KHTML, like Gecko) Chrome/46.0.2490.80 Safari/537.36"
::1 - - [14/Nov/2015:08:21:17 +0000] "GET /angulars/angular.min.js.map HTTP/1.1" 404 1460 "-" "Mozilla/5.0 (Windows NT 10.0; WOW64) AppleWebKit/537.36 (KHTML, like Gecko) Chrome/46.0.2490.80 Safari/537.36"
::1 - - [14/Nov/2015:08:21:18 +0000] "GET / HTTP/1.1" 200 2090 "http://localhost:4444/" "Mozilla/5.0 (Windows NT 10.0; WOW64) AppleWebKit/537.36 (KHTML, like Gecko) Chrome/46.0.2490.80 Safari/537.36"
::1 - - [14/Nov/2015:08:21:19 +0000] "GET /productss HTTP/1.1" 404 1460 "http://localhost:4444/" "Mozilla/5.0 (Windows NT 10.0; WOW64) AppleWebKit/537.36 (KHTML, like Gecko) Chrome/46.0.2490.80 Safari/537.36"
::1 - - [14/Nov/2015:08:21:19 +0000] "GET /angulars/angular.min.js.map HTTP/1.1" 404 1460 "-" "Mozilla/5.0 (Windows NT 10.0; WOW64) AppleWebKit/537.36 (KHTML, like Gecko) Chrome/46.0.2490.80 Safari/537.36"
::1 - - [14/Nov/2015:08:21:31 +0000] "GET / HTTP/1.1" 200 2090 "http://localhost:4444/" "Mozilla/5.0 (Windows NT 10.0; WOW64) AppleWebKit/537.36 (KHTML, like Gecko) Chrome/46.0.2490.80 Safari/537.36"
::1 - - [14/Nov/2015:08:21:31 +0000] "GET /angulars/angular.min.js.map HTTP/1.1" 404 14 "-" "Mozilla/5.0 (Windows NT 10.0; WOW64) AppleWebKit/537.36 (KHTML, like Gecko) Chrome/46.0.2490.80 Safari/537.36"
::1 - - [14/Nov/2015:08:21:31 +0000] "GET /productss HTTP/1.1" 404 14 "http://localhost:4444/" "Mozilla/5.0 (Windows NT 10.0; WOW64) AppleWebKit/537.36 (KHTML, like Gecko) Chrome/46.0.2490.80 Safari/537.36"
::1 - - [14/Nov/2015:08:21:43 +0000] "GET /ww HTTP/1.1" 404 14 "-" "Mozilla/5.0 (Windows NT 10.0; WOW64) AppleWebKit/537.36 (KHTML, like Gecko) Chrome/46.0.2490.80 Safari/537.36"
::1 - - [14/Nov/2015:08:21:46 +0000] "GET / HTTP/1.1" 200 2090 "http://localhost:4444/" "Mozilla/5.0 (Windows NT 10.0; WOW64) AppleWebKit/537.36 (KHTML, like Gecko) Chrome/46.0.2490.80 Safari/537.36"
::1 - - [14/Nov/2015:08:21:46 +0000] "GET /productss HTTP/1.1" 404 14 "http://localhost:4444/" "Mozilla/5.0 (Windows NT 10.0; WOW64) AppleWebKit/537.36 (KHTML, like Gecko) Chrome/46.0.2490.80 Safari/537.36"
::1 - - [14/Nov/2015:08:21:47 +0000] "GET /angulars/angular.min.js.map HTTP/1.1" 404 14 "-" "Mozilla/5.0 (Windows NT 10.0; WOW64) AppleWebKit/537.36 (KHTML, like Gecko) Chrome/46.0.2490.80 Safari/537.36"
::1 - - [14/Nov/2015:08:23:20 +0000] "GET /controllers/productListController.js HTTP/1.1" 404 14 "-" "Mozilla/5.0 (Windows NT 10.0; WOW64) AppleWebKit/537.36 (KHTML, like Gecko) Chrome/46.0.2490.80 Safari/537.36"
::1 - - [14/Nov/2015:08:23:21 +0000] "GET /controllers/productListController.js HTTP/1.1" 404 14 "-" "Mozilla/5.0 (Windows NT 10.0; WOW64) AppleWebKit/537.36 (KHTML, like Gecko) Chrome/46.0.2490.80 Safari/537.36"
::1 - - [14/Nov/2015:08:23:22 +0000] "GET /controllers/productListController.js HTTP/1.1" 404 14 "-" "Mozilla/5.0 (Windows NT 10.0; WOW64) AppleWebKit/537.36 (KHTML, like Gecko) Chrome/46.0.2490.80 Safari/537.36"
::1 - - [14/Nov/2015:08:23:22 +0000] "GET /controllers/productListController.js HTTP/1.1" 404 14 "-" "Mozilla/5.0 (Windows NT 10.0; WOW64) AppleWebKit/537.36 (KHTML, like Gecko) Chrome/46.0.2490.80 Safari/537.36"
::1 - - [14/Nov/2015:08:23:23 +0000] "GET /controllers/productListController.js HTTP/1.1" 404 14 "-" "Mozilla/5.0 (Windows NT 10.0; WOW64) AppleWebKit/537.36 (KHTML, like Gecko) Chrome/46.0.2490.80 Safari/537.36"
::1 - - [14/Nov/2015:08:23:23 +0000] "GET /controllers/productListController.js HTTP/1.1" 404 14 "-" "Mozilla/5.0 (Windows NT 10.0; WOW64) AppleWebKit/537.36 (KHTML, like Gecko) Chrome/46.0.2490.80 Safari/537.36"
::1 - - [14/Nov/2015:08:23:23 +0000] "GET /controllers/productListController.js HTTP/1.1" 404 14 "-" "Mozilla/5.0 (Windows NT 10.0; WOW64) AppleWebKit/537.36 (KHTML, like Gecko) Chrome/46.0.2490.80 Safari/537.36"
::1 - - [14/Nov/2015:08:23:23 +0000] "GET /controllers/productListController.js HTTP/1.1" 404 14 "-" "Mozilla/5.0 (Windows NT 10.0; WOW64) AppleWebKit/537.36 (KHTML, like Gecko) Chrome/46.0.2490.80 Safari/537.36"
::1 - - [14/Nov/2015:08:23:23 +0000] "GET /controllers/productListController.js HTTP/1.1" 404 14 "-" "Mozilla/5.0 (Windows NT 10.0; WOW64) AppleWebKit/537.36 (KHTML, like Gecko) Chrome/46.0.2490.80 Safari/537.36"
::1 - - [14/Nov/2015:08:23:24 +0000] "GET /controllers/productListController.js HTTP/1.1" 404 14 "-" "Mozilla/5.0 (Windows NT 10.0; WOW64) AppleWebKit/537.36 (KHTML, like Gecko) Chrome/46.0.2490.80 Safari/537.36"
::1 - - [14/Nov/2015:08:23:28 +0000] "GET /controllers/productListController.js HTTP/1.1" 404 14 "-" "Mozilla/5.0 (Windows NT 10.0; WOW64) AppleWebKit/537.36 (KHTML, like Gecko) Chrome/46.0.2490.80 Safari/537.36"
::1 - - [14/Nov/2015:08:23:28 +0000] "GET /controllers/productListController.js HTTP/1.1" 404 14 "-" "Mozilla/5.0 (Windows NT 10.0; WOW64) AppleWebKit/537.36 (KHTML, like Gecko) Chrome/46.0.2490.80 Safari/537.36"
::1 - - [14/Nov/2015:08:23:29 +0000] "GET /controllers/productListController.js HTTP/1.1" 404 14 "-" "Mozilla/5.0 (Windows NT 10.0; WOW64) AppleWebKit/537.36 (KHTML, like Gecko) Chrome/46.0.2490.80 Safari/537.36"
::1 - - [14/Nov/2015:08:23:29 +0000] "GET /controllers/productListController.js HTTP/1.1" 404 14 "-" "Mozilla/5.0 (Windows NT 10.0; WOW64) AppleWebKit/537.36 (KHTML, like Gecko) Chrome/46.0.2490.80 Safari/537.36"
::1 - - [14/Nov/2015:08:23:32 +0000] "GET /products HTTP/1.1" 304 - "-" "Mozilla/5.0 (Windows NT 10.0; WOW64) AppleWebKit/537.36 (KHTML, like Gecko) Chrome/46.0.2490.80 Safari/537.36"
::1 - - [14/Nov/2015:08:23:35 +0000] "GET /controllers/productListController.js HTTP/1.1" 404 14 "-" "Mozilla/5.0 (Windows NT 10.0; WOW64) AppleWebKit/537.36 (KHTML, like Gecko) Chrome/46.0.2490.80 Safari/537.36"
::1 - - [14/Nov/2015:08:23:37 +0000] "GET /controllers/productListController.js HTTP/1.1" 404 14 "-" "Mozilla/5.0 (Windows NT 10.0; WOW64) AppleWebKit/537.36 (KHTML, like Gecko) Chrome/46.0.2490.80 Safari/537.36"
::1 - - [14/Nov/2015:08:23:52 +0000] "GET / HTTP/1.1" 200 2090 "http://localhost:4444/" "Mozilla/5.0 (Windows NT 10.0; WOW64) AppleWebKit/537.36 (KHTML, like Gecko) Chrome/46.0.2490.80 Safari/537.36"
::1 - - [14/Nov/2015:08:23:52 +0000] "GET /angulars/angular.min.js.map HTTP/1.1" 404 14 "-" "Mozilla/5.0 (Windows NT 10.0; WOW64) AppleWebKit/537.36 (KHTML, like Gecko) Chrome/46.0.2490.80 Safari/537.36"
::1 - - [14/Nov/2015:08:23:53 +0000] "GET /productss HTTP/1.1" 404 14 "http://localhost:4444/" "Mozilla/5.0 (Windows NT 10.0; WOW64) AppleWebKit/537.36 (KHTML, like Gecko) Chrome/46.0.2490.80 Safari/537.36"
::1 - - [14/Nov/2015:08:24:02 +0000] "GET / HTTP/1.1" 200 2090 "http://localhost:4444/" "Mozilla/5.0 (Windows NT 10.0; WOW64) AppleWebKit/537.36 (KHTML, like Gecko) Chrome/46.0.2490.80 Safari/537.36"
::1 - - [14/Nov/2015:08:24:02 +0000] "GET /products HTTP/1.1" 200 565 "http://localhost:4444/" "Mozilla/5.0 (Windows NT 10.0; WOW64) AppleWebKit/537.36 (KHTML, like Gecko) Chrome/46.0.2490.80 Safari/537.36"
::1 - - [14/Nov/2015:08:24:02 +0000] "GET /angulars/angular.min.js.map HTTP/1.1" 404 14 "-" "Mozilla/5.0 (Windows NT 10.0; WOW64) AppleWebKit/537.36 (KHTML, like Gecko) Chrome/46.0.2490.80 Safari/537.36"
::1 - - [14/Nov/2015:08:28:29 +0000] "GET / HTTP/1.1" 200 996 "http://localhost:4444/" "Mozilla/5.0 (Windows NT 10.0; WOW64) AppleWebKit/537.36 (KHTML, like Gecko) Chrome/46.0.2490.80 Safari/537.36"
::1 - - [14/Nov/2015:08:28:29 +0000] "GET /products HTTP/1.1" 304 - "http://localhost:4444/" "Mozilla/5.0 (Windows NT 10.0; WOW64) AppleWebKit/537.36 (KHTML, like Gecko) Chrome/46.0.2490.80 Safari/537.36"
::1 - - [14/Nov/2015:08:29:31 +0000] "GET / HTTP/1.1" 200 998 "http://localhost:4444/" "Mozilla/5.0 (Windows NT 10.0; WOW64) AppleWebKit/537.36 (KHTML, like Gecko) Chrome/46.0.2490.80 Safari/537.36"
::1 - - [14/Nov/2015:08:29:32 +0000] "GET /products HTTP/1.1" 304 - "http://localhost:4444/" "Mozilla/5.0 (Windows NT 10.0; WOW64) AppleWebKit/537.36 (KHTML, like Gecko) Chrome/46.0.2490.80 Safari/537.36"
::1 - - [14/Nov/2015:08:30:13 +0000] "GET / HTTP/1.1" 200 2090 "http://localhost:4444/" "Mozilla/5.0 (Windows NT 10.0; WOW64) AppleWebKit/537.36 (KHTML, like Gecko) Chrome/46.0.2490.80 Safari/537.36"
::1 - - [14/Nov/2015:08:30:13 +0000] "GET /products HTTP/1.1" 304 - "http://localhost:4444/" "Mozilla/5.0 (Windows NT 10.0; WOW64) AppleWebKit/537.36 (KHTML, like Gecko) Chrome/46.0.2490.80 Safari/537.36"
::1 - - [14/Nov/2015:08:30:49 +0000] "GET / HTTP/1.1" 200 999 "http://localhost:4444/" "Mozilla/5.0 (Windows NT 10.0; WOW64) AppleWebKit/537.36 (KHTML, like Gecko) Chrome/46.0.2490.80 Safari/537.36"
::1 - - [14/Nov/2015:08:30:49 +0000] "GET /products HTTP/1.1" 304 - "http://localhost:4444/" "Mozilla/5.0 (Windows NT 10.0; WOW64) AppleWebKit/537.36 (KHTML, like Gecko) Chrome/46.0.2490.80 Safari/537.36"
::1 - - [14/Nov/2015:08:56:01 +0000] "GET / HTTP/1.1" 200 1093 "http://localhost:4444/" "Mozilla/5.0 (Windows NT 10.0; WOW64) AppleWebKit/537.36 (KHTML, like Gecko) Chrome/46.0.2490.80 Safari/537.36"
::1 - - [14/Nov/2015:08:56:01 +0000] "GET /cartSummary.html HTTP/1.1" 404 14 "http://localhost:4444/" "Mozilla/5.0 (Windows NT 10.0; WOW64) AppleWebKit/537.36 (KHTML, like Gecko) Chrome/46.0.2490.80 Safari/537.36"
::1 - - [14/Nov/2015:08:56:01 +0000] "GET /products HTTP/1.1" 304 - "http://localhost:4444/" "Mozilla/5.0 (Windows NT 10.0; WOW64) AppleWebKit/537.36 (KHTML, like Gecko) Chrome/46.0.2490.80 Safari/537.36"
::1 - - [14/Nov/2015:08:56:07 +0000] "GET /angulars/angular.min.js.map HTTP/1.1" 404 14 "-" "Mozilla/5.0 (Windows NT 10.0; WOW64) AppleWebKit/537.36 (KHTML, like Gecko) Chrome/46.0.2490.80 Safari/537.36"
::1 - - [14/Nov/2015:08:56:22 +0000] "GET / HTTP/1.1" 200 1093 "http://localhost:4444/" "Mozilla/5.0 (Windows NT 10.0; WOW64) AppleWebKit/537.36 (KHTML, like Gecko) Chrome/46.0.2490.80 Safari/537.36"
::1 - - [14/Nov/2015:08:56:23 +0000] "GET /angulars/angular.min.js.map HTTP/1.1" 404 14 "-" "Mozilla/5.0 (Windows NT 10.0; WOW64) AppleWebKit/537.36 (KHTML, like Gecko) Chrome/46.0.2490.80 Safari/537.36"
::1 - - [14/Nov/2015:08:56:23 +0000] "GET /cartSummary.html HTTP/1.1" 404 14 "http://localhost:4444/" "Mozilla/5.0 (Windows NT 10.0; WOW64) AppleWebKit/537.36 (KHTML, like Gecko) Chrome/46.0.2490.80 Safari/537.36"
::1 - - [14/Nov/2015:08:56:23 +0000] "GET /products HTTP/1.1" 200 565 "http://localhost:4444/" "Mozilla/5.0 (Windows NT 10.0; WOW64) AppleWebKit/537.36 (KHTML, like Gecko) Chrome/46.0.2490.80 Safari/537.36"
::1 - - [14/Nov/2015:08:56:40 +0000] "GET / HTTP/1.1" 200 1093 "http://localhost:4444/" "Mozilla/5.0 (Windows NT 10.0; WOW64) AppleWebKit/537.36 (KHTML, like Gecko) Chrome/46.0.2490.80 Safari/537.36"
::1 - - [14/Nov/2015:08:56:40 +0000] "GET /angulars/angular.min.js.map HTTP/1.1" 404 14 "-" "Mozilla/5.0 (Windows NT 10.0; WOW64) AppleWebKit/537.36 (KHTML, like Gecko) Chrome/46.0.2490.80 Safari/537.36"
::1 - - [14/Nov/2015:08:56:40 +0000] "GET /cartSummary.html HTTP/1.1" 404 14 "http://localhost:4444/" "Mozilla/5.0 (Windows NT 10.0; WOW64) AppleWebKit/537.36 (KHTML, like Gecko) Chrome/46.0.2490.80 Safari/537.36"
::1 - - [14/Nov/2015:08:56:40 +0000] "GET /products HTTP/1.1" 200 565 "http://localhost:4444/" "Mozilla/5.0 (Windows NT 10.0; WOW64) AppleWebKit/537.36 (KHTML, like Gecko) Chrome/46.0.2490.80 Safari/537.36"
::1 - - [14/Nov/2015:08:57:08 +0000] "GET / HTTP/1.1" 200 1093 "http://localhost:4444/" "Mozilla/5.0 (Windows NT 10.0; WOW64) AppleWebKit/537.36 (KHTML, like Gecko) Chrome/46.0.2490.80 Safari/537.36"
::1 - - [14/Nov/2015:08:57:08 +0000] "GET /products HTTP/1.1" 200 565 "http://localhost:4444/" "Mozilla/5.0 (Windows NT 10.0; WOW64) AppleWebKit/537.36 (KHTML, like Gecko) Chrome/46.0.2490.80 Safari/537.36"
::1 - - [14/Nov/2015:08:57:08 +0000] "GET /angulars/angular.min.js.map HTTP/1.1" 404 14 "-" "Mozilla/5.0 (Windows NT 10.0; WOW64) AppleWebKit/537.36 (KHTML, like Gecko) Chrome/46.0.2490.80 Safari/537.36"
::1 - - [14/Nov/2015:08:57:24 +0000] "GET / HTTP/1.1" 200 1093 "http://localhost:4444/" "Mozilla/5.0 (Windows NT 10.0; WOW64) AppleWebKit/537.36 (KHTML, like Gecko) Chrome/46.0.2490.80 Safari/537.36"
::1 - - [14/Nov/2015:08:57:24 +0000] "GET /products HTTP/1.1" 200 565 "http://localhost:4444/" "Mozilla/5.0 (Windows NT 10.0; WOW64) AppleWebKit/537.36 (KHTML, like Gecko) Chrome/46.0.2490.80 Safari/537.36"
::1 - - [14/Nov/2015:08:57:24 +0000] "GET /angulars/angular.min.js.map HTTP/1.1" 404 14 "-" "Mozilla/5.0 (Windows NT 10.0; WOW64) AppleWebKit/537.36 (KHTML, like Gecko) Chrome/46.0.2490.80 Safari/537.36"
::1 - - [14/Nov/2015:08:57:42 +0000] "GET / HTTP/1.1" 200 1080 "http://localhost:4444/" "Mozilla/5.0 (Windows NT 10.0; WOW64) AppleWebKit/537.36 (KHTML, like Gecko) Chrome/46.0.2490.80 Safari/537.36"
::1 - - [14/Nov/2015:08:57:42 +0000] "GET /angulars/angular.min.js.map HTTP/1.1" 404 14 "-" "Mozilla/5.0 (Windows NT 10.0; WOW64) AppleWebKit/537.36 (KHTML, like Gecko) Chrome/46.0.2490.80 Safari/537.36"
::1 - - [14/Nov/2015:08:57:42 +0000] "GET /products HTTP/1.1" 200 565 "http://localhost:4444/" "Mozilla/5.0 (Windows NT 10.0; WOW64) AppleWebKit/537.36 (KHTML, like Gecko) Chrome/46.0.2490.80 Safari/537.36"
::1 - - [14/Nov/2015:08:57:43 +0000] "GET / HTTP/1.1" 200 1080 "http://localhost:4444/" "Mozilla/5.0 (Windows NT 10.0; WOW64) AppleWebKit/537.36 (KHTML, like Gecko) Chrome/46.0.2490.80 Safari/537.36"
::1 - - [14/Nov/2015:08:57:43 +0000] "GET /products HTTP/1.1" 200 565 "http://localhost:4444/" "Mozilla/5.0 (Windows NT 10.0; WOW64) AppleWebKit/537.36 (KHTML, like Gecko) Chrome/46.0.2490.80 Safari/537.36"
::1 - - [14/Nov/2015:08:57:43 +0000] "GET /angulars/angular.min.js.map HTTP/1.1" 404 14 "-" "Mozilla/5.0 (Windows NT 10.0; WOW64) AppleWebKit/537.36 (KHTML, like Gecko) Chrome/46.0.2490.80 Safari/537.36"
::1 - - [14/Nov/2015:08:59:29 +0000] "GET / HTTP/1.1" 200 1080 "http://localhost:4444/" "Mozilla/5.0 (Windows NT 10.0; WOW64) AppleWebKit/537.36 (KHTML, like Gecko) Chrome/46.0.2490.80 Safari/537.36"
::1 - - [14/Nov/2015:08:59:30 +0000] "GET /products HTTP/1.1" 200 565 "http://localhost:4444/" "Mozilla/5.0 (Windows NT 10.0; WOW64) AppleWebKit/537.36 (KHTML, like Gecko) Chrome/46.0.2490.80 Safari/537.36"
::1 - - [14/Nov/2015:08:59:30 +0000] "GET /angulars/angular.min.js.map HTTP/1.1" 404 14 "-" "Mozilla/5.0 (Windows NT 10.0; WOW64) AppleWebKit/537.36 (KHTML, like Gecko) Chrome/46.0.2490.80 Safari/537.36"
::1 - - [14/Nov/2015:09:00:26 +0000] "GET / HTTP/1.1" 200 1080 "http://localhost:4444/" "Mozilla/5.0 (Windows NT 10.0; WOW64) AppleWebKit/537.36 (KHTML, like Gecko) Chrome/46.0.2490.80 Safari/537.36"
::1 - - [14/Nov/2015:09:00:26 +0000] "GET /products HTTP/1.1" 200 565 "http://localhost:4444/" "Mozilla/5.0 (Windows NT 10.0; WOW64) AppleWebKit/537.36 (KHTML, like Gecko) Chrome/46.0.2490.80 Safari/537.36"
::1 - - [14/Nov/2015:09:00:26 +0000] "GET /angulars/angular.min.js.map HTTP/1.1" 404 14 "-" "Mozilla/5.0 (Windows NT 10.0; WOW64) AppleWebKit/537.36 (KHTML, like Gecko) Chrome/46.0.2490.80 Safari/537.36"
::1 - - [14/Nov/2015:09:02:47 +0000] "GET / HTTP/1.1" 200 1080 "http://localhost:4444/" "Mozilla/5.0 (Windows NT 10.0; WOW64) AppleWebKit/537.36 (KHTML, like Gecko) Chrome/46.0.2490.80 Safari/537.36"
::1 - - [14/Nov/2015:09:02:47 +0000] "GET /angulars/angular.min.js.map HTTP/1.1" 404 14 "-" "Mozilla/5.0 (Windows NT 10.0; WOW64) AppleWebKit/537.36 (KHTML, like Gecko) Chrome/46.0.2490.80 Safari/537.36"
::1 - - [14/Nov/2015:09:02:47 +0000] "GET /products HTTP/1.1" 200 565 "http://localhost:4444/" "Mozilla/5.0 (Windows NT 10.0; WOW64) AppleWebKit/537.36 (KHTML, like Gecko) Chrome/46.0.2490.80 Safari/537.36"
::1 - - [14/Nov/2015:09:03:21 +0000] "GET / HTTP/1.1" 200 1080 "http://localhost:4444/" "Mozilla/5.0 (Windows NT 10.0; WOW64) AppleWebKit/537.36 (KHTML, like Gecko) Chrome/46.0.2490.80 Safari/537.36"
::1 - - [14/Nov/2015:09:03:21 +0000] "GET /angulars/angular.min.js.map HTTP/1.1" 404 14 "-" "Mozilla/5.0 (Windows NT 10.0; WOW64) AppleWebKit/537.36 (KHTML, like Gecko) Chrome/46.0.2490.80 Safari/537.36"
::1 - - [14/Nov/2015:09:03:21 +0000] "GET /products HTTP/1.1" 200 565 "http://localhost:4444/" "Mozilla/5.0 (Windows NT 10.0; WOW64) AppleWebKit/537.36 (KHTML, like Gecko) Chrome/46.0.2490.80 Safari/537.36"
::1 - - [14/Nov/2015:09:04:59 +0000] "GET / HTTP/1.1" 200 1080 "http://localhost:4444/" "Mozilla/5.0 (Windows NT 10.0; WOW64) AppleWebKit/537.36 (KHTML, like Gecko) Chrome/46.0.2490.80 Safari/537.36"
::1 - - [14/Nov/2015:09:05:00 +0000] "GET /products HTTP/1.1" 200 565 "http://localhost:4444/" "Mozilla/5.0 (Windows NT 10.0; WOW64) AppleWebKit/537.36 (KHTML, like Gecko) Chrome/46.0.2490.80 Safari/537.36"
::1 - - [14/Nov/2015:09:05:00 +0000] "GET /angulars/angular.min.js.map HTTP/1.1" 404 14 "-" "Mozilla/5.0 (Windows NT 10.0; WOW64) AppleWebKit/537.36 (KHTML, like Gecko) Chrome/46.0.2490.80 Safari/537.36"
::1 - - [14/Nov/2015:09:06:21 +0000] "GET / HTTP/1.1" 200 1083 "http://localhost:4444/" "Mozilla/5.0 (Windows NT 10.0; WOW64) AppleWebKit/537.36 (KHTML, like Gecko) Chrome/46.0.2490.80 Safari/537.36"
::1 - - [14/Nov/2015:09:06:21 +0000] "GET /products HTTP/1.1" 304 - "http://localhost:4444/" "Mozilla/5.0 (Windows NT 10.0; WOW64) AppleWebKit/537.36 (KHTML, like Gecko) Chrome/46.0.2490.80 Safari/537.36"
::1 - - [14/Nov/2015:09:06:36 +0000] "GET / HTTP/1.1" 200 1091 "http://localhost:4444/" "Mozilla/5.0 (Windows NT 10.0; WOW64) AppleWebKit/537.36 (KHTML, like Gecko) Chrome/46.0.2490.80 Safari/537.36"
::1 - - [14/Nov/2015:09:06:36 +0000] "GET /products HTTP/1.1" 304 - "http://localhost:4444/" "Mozilla/5.0 (Windows NT 10.0; WOW64) AppleWebKit/537.36 (KHTML, like Gecko) Chrome/46.0.2490.80 Safari/537.36"
::1 - - [14/Nov/2015:09:06:45 +0000] "GET / HTTP/1.1" 200 1088 "http://localhost:4444/" "Mozilla/5.0 (Windows NT 10.0; WOW64) AppleWebKit/537.36 (KHTML, like Gecko) Chrome/46.0.2490.80 Safari/537.36"
::1 - - [14/Nov/2015:09:06:45 +0000] "GET /products HTTP/1.1" 304 - "http://localhost:4444/" "Mozilla/5.0 (Windows NT 10.0; WOW64) AppleWebKit/537.36 (KHTML, like Gecko) Chrome/46.0.2490.80 Safari/537.36"
::1 - - [14/Nov/2015:09:09:52 +0000] "GET / HTTP/1.1" 304 - "http://localhost:4444/" "Mozilla/5.0 (Windows NT 10.0; WOW64) AppleWebKit/537.36 (KHTML, like Gecko) Chrome/46.0.2490.80 Safari/537.36"
::1 - - [14/Nov/2015:09:09:52 +0000] "GET /products HTTP/1.1" 304 - "http://localhost:4444/" "Mozilla/5.0 (Windows NT 10.0; WOW64) AppleWebKit/537.36 (KHTML, like Gecko) Chrome/46.0.2490.80 Safari/537.36"
::1 - - [14/Nov/2015:09:09:53 +0000] "GET / HTTP/1.1" 304 - "http://localhost:4444/" "Mozilla/5.0 (Windows NT 10.0; WOW64) AppleWebKit/537.36 (KHTML, like Gecko) Chrome/46.0.2490.80 Safari/537.36"
::1 - - [14/Nov/2015:09:09:53 +0000] "GET /products HTTP/1.1" 304 - "http://localhost:4444/" "Mozilla/5.0 (Windows NT 10.0; WOW64) AppleWebKit/537.36 (KHTML, like Gecko) Chrome/46.0.2490.80 Safari/537.36"
::1 - - [14/Nov/2015:09:11:41 +0000] "GET / HTTP/1.1" 304 - "http://localhost:4444/" "Mozilla/5.0 (Windows NT 10.0; WOW64) AppleWebKit/537.36 (KHTML, like Gecko) Chrome/46.0.2490.80 Safari/537.36"
::1 - - [14/Nov/2015:09:11:41 +0000] "GET /products HTTP/1.1" 304 - "http://localhost:4444/" "Mozilla/5.0 (Windows NT 10.0; WOW64) AppleWebKit/537.36 (KHTML, like Gecko) Chrome/46.0.2490.80 Safari/537.36"
::1 - - [14/Nov/2015:09:16:52 +0000] "GET / HTTP/1.1" 200 1029 "http://localhost:4444/" "Mozilla/5.0 (Windows NT 10.0; WOW64) AppleWebKit/537.36 (KHTML, like Gecko) Chrome/46.0.2490.80 Safari/537.36"
::1 - - [14/Nov/2015:09:16:52 +0000] "GET /products HTTP/1.1" 304 - "http://localhost:4444/" "Mozilla/5.0 (Windows NT 10.0; WOW64) AppleWebKit/537.36 (KHTML, like Gecko) Chrome/46.0.2490.80 Safari/537.36"
::1 - - [14/Nov/2015:09:22:31 +0000] "GET / HTTP/1.1" 200 1043 "http://localhost:4444/" "Mozilla/5.0 (Windows NT 10.0; WOW64) AppleWebKit/537.36 (KHTML, like Gecko) Chrome/46.0.2490.80 Safari/537.36"
::1 - - [14/Nov/2015:09:22:31 +0000] "GET /products HTTP/1.1" 304 - "http://localhost:4444/" "Mozilla/5.0 (Windows NT 10.0; WOW64) AppleWebKit/537.36 (KHTML, like Gecko) Chrome/46.0.2490.80 Safari/537.36"
::1 - - [14/Nov/2015:09:23:07 +0000] "GET /production HTTP/1.1" 404 14 "-" "Mozilla/5.0 (Windows NT 10.0; WOW64) AppleWebKit/537.36 (KHTML, like Gecko) Chrome/46.0.2490.80 Safari/537.36"
::1 - - [14/Nov/2015:09:23:12 +0000] "GET /products HTTP/1.1" 304 - "-" "Mozilla/5.0 (Windows NT 10.0; WOW64) AppleWebKit/537.36 (KHTML, like Gecko) Chrome/46.0.2490.80 Safari/537.36"
::1 - - [14/Nov/2015:09:23:18 +0000] "GET / HTTP/1.1" 304 - "-" "Mozilla/5.0 (Windows NT 10.0; WOW64) AppleWebKit/537.36 (KHTML, like Gecko) Chrome/46.0.2490.80 Safari/537.36"
::1 - - [14/Nov/2015:09:23:18 +0000] "GET /products HTTP/1.1" 304 - "http://localhost:4444/" "Mozilla/5.0 (Windows NT 10.0; WOW64) AppleWebKit/537.36 (KHTML, like Gecko) Chrome/46.0.2490.80 Safari/537.36"
::1 - - [14/Nov/2015:09:23:43 +0000] "GET / HTTP/1.1" 304 - "-" "Mozilla/5.0 (Windows NT 10.0; WOW64) AppleWebKit/537.36 (KHTML, like Gecko) Chrome/46.0.2490.80 Safari/537.36"
::1 - - [14/Nov/2015:09:23:43 +0000] "GET /products HTTP/1.1" 304 - "http://localhost:4444/" "Mozilla/5.0 (Windows NT 10.0; WOW64) AppleWebKit/537.36 (KHTML, like Gecko) Chrome/46.0.2490.80 Safari/537.36"
::1 - - [14/Nov/2015:09:25:00 +0000] "GET / HTTP/1.1" 304 - "-" "Mozilla/5.0 (Windows NT 10.0; WOW64) AppleWebKit/537.36 (KHTML, like Gecko) Chrome/46.0.2490.80 Safari/537.36"
::1 - - [14/Nov/2015:09:25:00 +0000] "GET /products HTTP/1.1" 304 - "http://localhost:4444/" "Mozilla/5.0 (Windows NT 10.0; WOW64) AppleWebKit/537.36 (KHTML, like Gecko) Chrome/46.0.2490.80 Safari/537.36"
